<?xml version="1.0" encoding="utf-8"?><testsuites><testsuite errors="0" failures="16" hostname="LSKI2926" name="pytest" skipped="10" tests="2093" time="34.401" timestamp="2020-10-06T13:13:12.920704"><testcase classname="tests.compute.test_basics" file="tests/compute/test_basics.py" line="88" name="test_compatible" time="0.009"></testcase><testcase classname="tests.compute.test_basics" file="tests/compute/test_basics.py" line="91" name="test_batch_setter_getter[idtype0]" time="0.005"></testcase><testcase classname="tests.compute.test_basics" file="tests/compute/test_basics.py" line="91" name="test_batch_setter_getter[idtype1]" time="0.004"></testcase><testcase classname="tests.compute.test_basics" file="tests/compute/test_basics.py" line="161" name="test_batch_setter_autograd[idtype0]" time="0.002"></testcase><testcase classname="tests.compute.test_basics" file="tests/compute/test_basics.py" line="161" name="test_batch_setter_autograd[idtype1]" time="0.002"></testcase><testcase classname="tests.compute.test_basics" file="tests/compute/test_basics.py" line="292" name="test_apply_nodes[idtype0]" time="0.002"></testcase><testcase classname="tests.compute.test_basics" file="tests/compute/test_basics.py" line="292" name="test_apply_nodes[idtype1]" time="0.003"></testcase><testcase classname="tests.compute.test_basics" file="tests/compute/test_basics.py" line="304" name="test_apply_edges[idtype0]" time="0.004"></testcase><testcase classname="tests.compute.test_basics" file="tests/compute/test_basics.py" line="304" name="test_apply_edges[idtype1]" time="0.003"></testcase><testcase classname="tests.compute.test_basics" file="tests/compute/test_basics.py" line="318" name="test_update_routines[idtype0]" time="0.011"></testcase><testcase classname="tests.compute.test_basics" file="tests/compute/test_basics.py" line="318" name="test_update_routines[idtype1]" time="0.010"></testcase><testcase classname="tests.compute.test_basics" file="tests/compute/test_basics.py" line="355" name="test_update_all_0deg[idtype0]" time="0.003"></testcase><testcase classname="tests.compute.test_basics" file="tests/compute/test_basics.py" line="355" name="test_update_all_0deg[idtype1]" time="0.003"></testcase><testcase classname="tests.compute.test_basics" file="tests/compute/test_basics.py" line="386" name="test_pull_0deg[idtype0]" time="0.004"></testcase><testcase classname="tests.compute.test_basics" file="tests/compute/test_basics.py" line="386" name="test_pull_0deg[idtype1]" time="0.004"></testcase><testcase classname="tests.compute.test_basics" file="tests/compute/test_basics.py" line="418" name="test_dynamic_addition" time="0.005"></testcase><testcase classname="tests.compute.test_basics" file="tests/compute/test_basics.py" line="452" name="test_repr[idtype0]" time="0.001"></testcase><testcase classname="tests.compute.test_basics" file="tests/compute/test_basics.py" line="452" name="test_repr[idtype1]" time="0.001"></testcase><testcase classname="tests.compute.test_basics" file="tests/compute/test_basics.py" line="462" name="test_local_var[idtype0]" time="0.005"></testcase><testcase classname="tests.compute.test_basics" file="tests/compute/test_basics.py" line="462" name="test_local_var[idtype1]" time="0.006"></testcase><testcase classname="tests.compute.test_basics" file="tests/compute/test_basics.py" line="520" name="test_local_scope[idtype0]" time="0.005"></testcase><testcase classname="tests.compute.test_basics" file="tests/compute/test_basics.py" line="520" name="test_local_scope[idtype1]" time="0.005"></testcase><testcase classname="tests.compute.test_basics" file="tests/compute/test_basics.py" line="592" name="test_isolated_nodes[idtype0]" time="0.003"></testcase><testcase classname="tests.compute.test_basics" file="tests/compute/test_basics.py" line="592" name="test_isolated_nodes[idtype1]" time="0.004"></testcase><testcase classname="tests.compute.test_basics" file="tests/compute/test_basics.py" line="612" name="test_send_multigraph[idtype0]" time="0.004"></testcase><testcase classname="tests.compute.test_basics" file="tests/compute/test_basics.py" line="612" name="test_send_multigraph[idtype1]" time="0.004"></testcase><testcase classname="tests.compute.test_basics" file="tests/compute/test_basics.py" line="638" name="test_issue_1088[idtype0]" time="0.003"></testcase><testcase classname="tests.compute.test_basics" file="tests/compute/test_basics.py" line="638" name="test_issue_1088[idtype1]" time="0.002"></testcase><testcase classname="tests.compute.test_basics" file="tests/compute/test_basics.py" line="647" name="test_degree_bucket_edge_ordering[idtype0]" time="0.002"></testcase><testcase classname="tests.compute.test_basics" file="tests/compute/test_basics.py" line="647" name="test_degree_bucket_edge_ordering[idtype1]" time="0.002"></testcase><testcase classname="tests.compute.test_batched_graph" file="tests/compute/test_batched_graph.py" line="43" name="test_batch_unbatch[idtype0]" time="0.008"></testcase><testcase classname="tests.compute.test_batched_graph" file="tests/compute/test_batched_graph.py" line="43" name="test_batch_unbatch[idtype1]" time="0.008"></testcase><testcase classname="tests.compute.test_batched_graph" file="tests/compute/test_batched_graph.py" line="61" name="test_batch_unbatch1[idtype0]" time="0.010"></testcase><testcase classname="tests.compute.test_batched_graph" file="tests/compute/test_batched_graph.py" line="61" name="test_batch_unbatch1[idtype1]" time="0.011"></testcase><testcase classname="tests.compute.test_batched_graph" file="tests/compute/test_batched_graph.py" line="81" name="test_batch_unbatch_frame[idtype0]" time="0.010"></testcase><testcase classname="tests.compute.test_batched_graph" file="tests/compute/test_batched_graph.py" line="81" name="test_batch_unbatch_frame[idtype1]" time="0.010"></testcase><testcase classname="tests.compute.test_batched_graph" file="tests/compute/test_batched_graph.py" line="119" name="test_batch_unbatch2[idtype0]" time="0.004"></testcase><testcase classname="tests.compute.test_batched_graph" file="tests/compute/test_batched_graph.py" line="119" name="test_batch_unbatch2[idtype1]" time="0.004"></testcase><testcase classname="tests.compute.test_batched_graph" file="tests/compute/test_batched_graph.py" line="134" name="test_batch_send_and_recv[idtype0]" time="0.010"></testcase><testcase classname="tests.compute.test_batched_graph" file="tests/compute/test_batched_graph.py" line="134" name="test_batch_send_and_recv[idtype1]" time="0.011"></testcase><testcase classname="tests.compute.test_batched_graph" file="tests/compute/test_batched_graph.py" line="151" name="test_batch_propagate[idtype0]" time="0.012"></testcase><testcase classname="tests.compute.test_batched_graph" file="tests/compute/test_batched_graph.py" line="151" name="test_batch_propagate[idtype1]" time="0.012"></testcase><testcase classname="tests.compute.test_batched_graph" file="tests/compute/test_batched_graph.py" line="179" name="test_batched_edge_ordering[idtype0]" time="0.004"></testcase><testcase classname="tests.compute.test_batched_graph" file="tests/compute/test_batched_graph.py" line="179" name="test_batched_edge_ordering[idtype1]" time="0.004"></testcase><testcase classname="tests.compute.test_batched_graph" file="tests/compute/test_batched_graph.py" line="196" name="test_batch_no_edge[idtype0]" time="0.004"></testcase><testcase classname="tests.compute.test_batched_graph" file="tests/compute/test_batched_graph.py" line="196" name="test_batch_no_edge[idtype1]" time="0.004"></testcase><testcase classname="tests.compute.test_batched_heterograph" file="tests/compute/test_batched_heterograph.py" line="43" name="test_topology[idtype0-gs0]" time="0.009"></testcase><testcase classname="tests.compute.test_batched_heterograph" file="tests/compute/test_batched_heterograph.py" line="43" name="test_topology[idtype0-gs1]" time="0.010"></testcase><testcase classname="tests.compute.test_batched_heterograph" file="tests/compute/test_batched_heterograph.py" line="43" name="test_topology[idtype1-gs0]" time="0.010"></testcase><testcase classname="tests.compute.test_batched_heterograph" file="tests/compute/test_batched_heterograph.py" line="43" name="test_topology[idtype1-gs1]" time="0.009"></testcase><testcase classname="tests.compute.test_batched_heterograph" file="tests/compute/test_batched_heterograph.py" line="106" name="test_batching_batched[idtype0]" time="0.013"></testcase><testcase classname="tests.compute.test_batched_heterograph" file="tests/compute/test_batched_heterograph.py" line="106" name="test_batching_batched[idtype1]" time="0.013"></testcase><testcase classname="tests.compute.test_batched_heterograph" file="tests/compute/test_batched_heterograph.py" line="162" name="test_features[idtype0]" time="0.013"></testcase><testcase classname="tests.compute.test_batched_heterograph" file="tests/compute/test_batched_heterograph.py" line="162" name="test_features[idtype1]" time="0.014"></testcase><testcase classname="tests.compute.test_batched_heterograph" file="tests/compute/test_batched_heterograph.py" line="235" name="test_empty_relation[idtype0]" time="0.014"></testcase><testcase classname="tests.compute.test_batched_heterograph" file="tests/compute/test_batched_heterograph.py" line="235" name="test_empty_relation[idtype1]" time="0.015"></testcase><testcase classname="tests.compute.test_batched_heterograph" file="tests/compute/test_batched_heterograph.py" line="299" name="test_unbatch2[idtype0]" time="0.009"></testcase><testcase classname="tests.compute.test_batched_heterograph" file="tests/compute/test_batched_heterograph.py" line="299" name="test_unbatch2[idtype1]" time="0.009"></testcase><testcase classname="tests.compute.test_data" file="tests/compute/test_data.py" line="2" name="test_minigc" time="0.007"></testcase><testcase classname="tests.compute.test_data" file="tests/compute/test_data.py" line="7" name="test_data_hash" time="0.001"></testcase><testcase classname="tests.compute.test_filter" file="tests/compute/test_filter.py" line="4" name="test_filter" time="0.004"></testcase><testcase classname="tests.compute.test_generators" file="tests/compute/test_generators.py" line="5" name="test_rand_graph" time="0.042"></testcase><testcase classname="tests.compute.test_graph" file="tests/compute/test_graph.py" line="57" name="test_query" time="1.337"></testcase><testcase classname="tests.compute.test_graph" file="tests/compute/test_graph.py" line="232" name="test_mutation" time="0.003"></testcase><testcase classname="tests.compute.test_graph" file="tests/compute/test_graph.py" line="248" name="test_scipy_adjmat" time="0.003"></testcase><testcase classname="tests.compute.test_graph" file="tests/compute/test_graph.py" line="261" name="test_incmat" time="0.006"></testcase><testcase classname="tests.compute.test_graph" file="tests/compute/test_graph.py" line="294" name="test_find_edges" time="0.002"></testcase><testcase classname="tests.compute.test_graph" file="tests/compute/test_graph.py" line="310" name="test_ismultigraph" time="0.003"></testcase><testcase classname="tests.compute.test_graph" file="tests/compute/test_graph.py" line="321" name="test_hypersparse_query" time="0.021"></testcase><testcase classname="tests.compute.test_heterograph" file="tests/compute/test_heterograph.py" line="102" name="test_create[idtype0]" time="0.023"></testcase><testcase classname="tests.compute.test_heterograph" file="tests/compute/test_heterograph.py" line="102" name="test_create[idtype1]" time="0.018"></testcase><testcase classname="tests.compute.test_heterograph" file="tests/compute/test_heterograph.py" line="207" name="test_query[idtype0]" time="0.186"></testcase><testcase classname="tests.compute.test_heterograph" file="tests/compute/test_heterograph.py" line="207" name="test_query[idtype1]" time="0.181"></testcase><testcase classname="tests.compute.test_heterograph" file="tests/compute/test_heterograph.py" line="367" name="test_empty_query[idtype0]" time="0.004"></testcase><testcase classname="tests.compute.test_heterograph" file="tests/compute/test_heterograph.py" line="367" name="test_empty_query[idtype1]" time="0.003"></testcase><testcase classname="tests.compute.test_heterograph" file="tests/compute/test_heterograph.py" line="486" name="test_adj[idtype0]" time="0.008"></testcase><testcase classname="tests.compute.test_heterograph" file="tests/compute/test_heterograph.py" line="486" name="test_adj[idtype1]" time="0.006"></testcase><testcase classname="tests.compute.test_heterograph" file="tests/compute/test_heterograph.py" line="542" name="test_inc[idtype0]" time="0.005"></testcase><testcase classname="tests.compute.test_heterograph" file="tests/compute/test_heterograph.py" line="542" name="test_inc[idtype1]" time="0.006"></testcase><testcase classname="tests.compute.test_heterograph" file="tests/compute/test_heterograph.py" line="581" name="test_view[idtype0]" time="0.004"></testcase><testcase classname="tests.compute.test_heterograph" file="tests/compute/test_heterograph.py" line="581" name="test_view[idtype1]" time="0.004"></testcase><testcase classname="tests.compute.test_heterograph" file="tests/compute/test_heterograph.py" line="663" name="test_view1[idtype0]" time="0.061"></testcase><testcase classname="tests.compute.test_heterograph" file="tests/compute/test_heterograph.py" line="663" name="test_view1[idtype1]" time="0.056"></testcase><testcase classname="tests.compute.test_heterograph" file="tests/compute/test_heterograph.py" line="792" name="test_flatten[idtype0]" time="0.023"></testcase><testcase classname="tests.compute.test_heterograph" file="tests/compute/test_heterograph.py" line="792" name="test_flatten[idtype1]" time="0.019"></testcase><testcase classname="tests.compute.test_heterograph" file="tests/compute/test_heterograph.py" line="897" name="test_to_device[idtype0]" time="0.001"><skipped message="Need gpu for this test" type="pytest.skip">/Users/wangy1/anaconda3/envs/pinot/lib/python3.7/site-packages/_pytest/unittest.py:258: Need gpu for this test</skipped></testcase><testcase classname="tests.compute.test_heterograph" file="tests/compute/test_heterograph.py" line="897" name="test_to_device[idtype1]" time="0.001"><skipped message="Need gpu for this test" type="pytest.skip">/Users/wangy1/anaconda3/envs/pinot/lib/python3.7/site-packages/_pytest/unittest.py:258: Need gpu for this test</skipped></testcase><testcase classname="tests.compute.test_heterograph" file="tests/compute/test_heterograph.py" line="939" name="test_to_device2[g0-idtype0]" time="0.001"><skipped message="Need gpu for this test" type="pytest.skip">/Users/wangy1/anaconda3/envs/pinot/lib/python3.7/site-packages/_pytest/unittest.py:258: Need gpu for this test</skipped></testcase><testcase classname="tests.compute.test_heterograph" file="tests/compute/test_heterograph.py" line="939" name="test_to_device2[g0-idtype1]" time="0.001"><skipped message="Need gpu for this test" type="pytest.skip">/Users/wangy1/anaconda3/envs/pinot/lib/python3.7/site-packages/_pytest/unittest.py:258: Need gpu for this test</skipped></testcase><testcase classname="tests.compute.test_heterograph" file="tests/compute/test_heterograph.py" line="939" name="test_to_device2[g1-idtype0]" time="0.001"><skipped message="Need gpu for this test" type="pytest.skip">/Users/wangy1/anaconda3/envs/pinot/lib/python3.7/site-packages/_pytest/unittest.py:258: Need gpu for this test</skipped></testcase><testcase classname="tests.compute.test_heterograph" file="tests/compute/test_heterograph.py" line="939" name="test_to_device2[g1-idtype1]" time="0.001"><skipped message="Need gpu for this test" type="pytest.skip">/Users/wangy1/anaconda3/envs/pinot/lib/python3.7/site-packages/_pytest/unittest.py:258: Need gpu for this test</skipped></testcase><testcase classname="tests.compute.test_heterograph" file="tests/compute/test_heterograph.py" line="953" name="test_convert_bound[idtype0]" time="0.001"></testcase><testcase classname="tests.compute.test_heterograph" file="tests/compute/test_heterograph.py" line="953" name="test_convert_bound[idtype1]" time="0.001"></testcase><testcase classname="tests.compute.test_heterograph" file="tests/compute/test_heterograph.py" line="971" name="test_convert[idtype0]" time="0.024"></testcase><testcase classname="tests.compute.test_heterograph" file="tests/compute/test_heterograph.py" line="971" name="test_convert[idtype1]" time="0.024"></testcase><testcase classname="tests.compute.test_heterograph" file="tests/compute/test_heterograph.py" line="1083" name="test_metagraph_reachable[idtype0]" time="0.009"></testcase><testcase classname="tests.compute.test_heterograph" file="tests/compute/test_heterograph.py" line="1083" name="test_metagraph_reachable[idtype1]" time="0.010"></testcase><testcase classname="tests.compute.test_heterograph" file="tests/compute/test_heterograph.py" line="1101" name="test_subgraph_mask[idtype0]" time="0.011"></testcase><testcase classname="tests.compute.test_heterograph" file="tests/compute/test_heterograph.py" line="1101" name="test_subgraph_mask[idtype1]" time="0.008"></testcase><testcase classname="tests.compute.test_heterograph" file="tests/compute/test_heterograph.py" line="1144" name="test_subgraph[idtype0]" time="0.019"></testcase><testcase classname="tests.compute.test_heterograph" file="tests/compute/test_heterograph.py" line="1144" name="test_subgraph[idtype1]" time="0.018"></testcase><testcase classname="tests.compute.test_heterograph" file="tests/compute/test_heterograph.py" line="1293" name="test_apply[idtype0]" time="0.005"></testcase><testcase classname="tests.compute.test_heterograph" file="tests/compute/test_heterograph.py" line="1293" name="test_apply[idtype1]" time="0.005"></testcase><testcase classname="tests.compute.test_heterograph" file="tests/compute/test_heterograph.py" line="1331" name="test_level2[idtype0]" time="0.042"></testcase><testcase classname="tests.compute.test_heterograph" file="tests/compute/test_heterograph.py" line="1331" name="test_level2[idtype1]" time="0.041"></testcase><testcase classname="tests.compute.test_heterograph" file="tests/compute/test_heterograph.py" line="1455" name="test_updates[idtype0]" time="0.066"></testcase><testcase classname="tests.compute.test_heterograph" file="tests/compute/test_heterograph.py" line="1455" name="test_updates[idtype1]" time="0.057"></testcase><testcase classname="tests.compute.test_heterograph" file="tests/compute/test_heterograph.py" line="1497" name="test_backward[idtype0]" time="0.006"></testcase><testcase classname="tests.compute.test_heterograph" file="tests/compute/test_heterograph.py" line="1497" name="test_backward[idtype1]" time="0.006"></testcase><testcase classname="tests.compute.test_heterograph" file="tests/compute/test_heterograph.py" line="1516" name="test_empty_heterograph[idtype0]" time="0.004"></testcase><testcase classname="tests.compute.test_heterograph" file="tests/compute/test_heterograph.py" line="1516" name="test_empty_heterograph[idtype1]" time="0.004"></testcase><testcase classname="tests.compute.test_heterograph" file="tests/compute/test_heterograph.py" line="1543" name="test_types_in_function[idtype0]" time="0.015"></testcase><testcase classname="tests.compute.test_heterograph" file="tests/compute/test_heterograph.py" line="1543" name="test_types_in_function[idtype1]" time="0.015"></testcase><testcase classname="tests.compute.test_heterograph" file="tests/compute/test_heterograph.py" line="1598" name="test_stack_reduce[idtype0]" time="0.008"></testcase><testcase classname="tests.compute.test_heterograph" file="tests/compute/test_heterograph.py" line="1598" name="test_stack_reduce[idtype1]" time="0.006"></testcase><testcase classname="tests.compute.test_heterograph" file="tests/compute/test_heterograph.py" line="1625" name="test_isolated_ntype[idtype0]" time="0.005"></testcase><testcase classname="tests.compute.test_heterograph" file="tests/compute/test_heterograph.py" line="1625" name="test_isolated_ntype[idtype1]" time="0.005"></testcase><testcase classname="tests.compute.test_heterograph" file="tests/compute/test_heterograph.py" line="1652" name="test_ismultigraph[idtype0]" time="0.008"></testcase><testcase classname="tests.compute.test_heterograph" file="tests/compute/test_heterograph.py" line="1652" name="test_ismultigraph[idtype1]" time="0.008"></testcase><testcase classname="tests.compute.test_heterograph" file="tests/compute/test_heterograph.py" line="1685" name="test_bipartite[idtype0]" time="0.005"></testcase><testcase classname="tests.compute.test_heterograph" file="tests/compute/test_heterograph.py" line="1685" name="test_bipartite[idtype1]" time="0.007"></testcase><testcase classname="tests.compute.test_heterograph" file="tests/compute/test_heterograph.py" line="1738" name="test_dtype_cast[idtype0]" time="0.003"></testcase><testcase classname="tests.compute.test_heterograph" file="tests/compute/test_heterograph.py" line="1738" name="test_dtype_cast[idtype1]" time="0.003"></testcase><testcase classname="tests.compute.test_heterograph" file="tests/compute/test_heterograph.py" line="1752" name="test_format[idtype0]" time="0.004"></testcase><testcase classname="tests.compute.test_heterograph" file="tests/compute/test_heterograph.py" line="1752" name="test_format[idtype1]" time="0.004"></testcase><testcase classname="tests.compute.test_heterograph" file="tests/compute/test_heterograph.py" line="1778" name="test_edges_order[idtype0]" time="0.002"></testcase><testcase classname="tests.compute.test_heterograph" file="tests/compute/test_heterograph.py" line="1778" name="test_edges_order[idtype1]" time="0.002"></testcase><testcase classname="tests.compute.test_heterograph" file="tests/compute/test_heterograph.py" line="1791" name="test_reverse[idtype0]" time="0.007"></testcase><testcase classname="tests.compute.test_heterograph" file="tests/compute/test_heterograph.py" line="1791" name="test_reverse[idtype1]" time="0.008"></testcase><testcase classname="tests.compute.test_heterograph" file="tests/compute/test_heterograph.py" line="1918" name="test_clone[idtype0]" time="0.008"></testcase><testcase classname="tests.compute.test_heterograph" file="tests/compute/test_heterograph.py" line="1918" name="test_clone[idtype1]" time="0.007"></testcase><testcase classname="tests.compute.test_heterograph" file="tests/compute/test_heterograph.py" line="1978" name="test_add_edges[idtype0]" time="0.018"></testcase><testcase classname="tests.compute.test_heterograph" file="tests/compute/test_heterograph.py" line="1978" name="test_add_edges[idtype1]" time="0.018"></testcase><testcase classname="tests.compute.test_heterograph" file="tests/compute/test_heterograph.py" line="2148" name="test_add_nodes[idtype0]" time="0.007"></testcase><testcase classname="tests.compute.test_heterograph" file="tests/compute/test_heterograph.py" line="2148" name="test_add_nodes[idtype1]" time="0.006"></testcase><testcase classname="tests.compute.test_heterograph" file="tests/compute/test_heterograph.py" line="2184" name="test_remove_edges[idtype0]" time="0.016"></testcase><testcase classname="tests.compute.test_heterograph" file="tests/compute/test_heterograph.py" line="2184" name="test_remove_edges[idtype1]" time="0.016"></testcase><testcase classname="tests.compute.test_heterograph" file="tests/compute/test_heterograph.py" line="2278" name="test_remove_nodes[idtype0]" time="0.014"></testcase><testcase classname="tests.compute.test_heterograph" file="tests/compute/test_heterograph.py" line="2278" name="test_remove_nodes[idtype1]" time="0.015"></testcase><testcase classname="tests.compute.test_heterograph" file="tests/compute/test_heterograph.py" line="2376" name="test_frame[idtype0]" time="0.005"></testcase><testcase classname="tests.compute.test_heterograph" file="tests/compute/test_heterograph.py" line="2376" name="test_frame[idtype1]" time="0.005"></testcase><testcase classname="tests.compute.test_heterograph" file="tests/compute/test_heterograph.py" line="2415" name="test_frame_device[idtype0]" time="0.001"><skipped message="cpu do not have context change problem" type="pytest.skip">/Users/wangy1/anaconda3/envs/pinot/lib/python3.7/site-packages/_pytest/unittest.py:258: cpu do not have context change problem</skipped></testcase><testcase classname="tests.compute.test_heterograph" file="tests/compute/test_heterograph.py" line="2415" name="test_frame_device[idtype1]" time="0.001"><skipped message="cpu do not have context change problem" type="pytest.skip">/Users/wangy1/anaconda3/envs/pinot/lib/python3.7/site-packages/_pytest/unittest.py:258: cpu do not have context change problem</skipped></testcase><testcase classname="tests.compute.test_index" file="tests/compute/test_index.py" line="7" name="test_dlpack" time="0.003"></testcase><testcase classname="tests.compute.test_kernel" file="tests/compute/test_kernel.py" line="78" name="test_copy_src_reduce" time="0.102"></testcase><testcase classname="tests.compute.test_kernel" file="tests/compute/test_kernel.py" line="141" name="test_copy_edge_reduce" time="0.106"></testcase><testcase classname="tests.compute.test_kernel" file="tests/compute/test_kernel.py" line="204" name="test_all_binary_builtins" time="2.804"></testcase><testcase classname="tests.compute.test_kernel" file="tests/compute/test_kernel.py" line="364" name="test_mean_zero_degree[g0-idtype0]" time="0.002"></testcase><testcase classname="tests.compute.test_kernel" file="tests/compute/test_kernel.py" line="364" name="test_mean_zero_degree[g0-idtype1]" time="0.002"></testcase><testcase classname="tests.compute.test_nodeflow" file="tests/compute/test_nodeflow.py" line="107" name="test_basic" time="0.027"></testcase><testcase classname="tests.compute.test_nodeflow" file="tests/compute/test_nodeflow.py" line="164" name="test_apply_nodes" time="0.018"></testcase><testcase classname="tests.compute.test_nodeflow" file="tests/compute/test_nodeflow.py" line="237" name="test_apply_edges" time="0.027"></testcase><testcase classname="tests.compute.test_nodeflow" file="tests/compute/test_nodeflow.py" line="376" name="test_flow_compute" time="0.067"></testcase><testcase classname="tests.compute.test_nodeflow" file="tests/compute/test_nodeflow.py" line="405" name="test_prop_flows" time="0.010"></testcase><testcase classname="tests.compute.test_nodeflow" file="tests/compute/test_nodeflow.py" line="410" name="test_copy" time="0.013"></testcase><testcase classname="tests.compute.test_nodeflow" file="tests/compute/test_nodeflow.py" line="489" name="test_block_edges" time="0.005"></testcase><testcase classname="tests.compute.test_nodeflow" file="tests/compute/test_nodeflow.py" line="517" name="test_block_adj_matrix" time="0.006"></testcase><testcase classname="tests.compute.test_nodeflow" file="tests/compute/test_nodeflow.py" line="540" name="test_block_incidence_matrix" time="0.014"></testcase><testcase classname="tests.compute.test_pickle" file="tests/compute/test_pickle.py" line="101" name="test_pickling_index" time="0.003"></testcase><testcase classname="tests.compute.test_pickle" file="tests/compute/test_pickle.py" line="114" name="test_pickling_graph_index" time="0.001"></testcase><testcase classname="tests.compute.test_pickle" file="tests/compute/test_pickle.py" line="132" name="test_pickling_graph[g0-idtype0]" time="0.003"></testcase><testcase classname="tests.compute.test_pickle" file="tests/compute/test_pickle.py" line="132" name="test_pickling_graph[g0-idtype1]" time="0.003"></testcase><testcase classname="tests.compute.test_pickle" file="tests/compute/test_pickle.py" line="132" name="test_pickling_graph[g1-idtype0]" time="0.004"></testcase><testcase classname="tests.compute.test_pickle" file="tests/compute/test_pickle.py" line="132" name="test_pickling_graph[g1-idtype1]" time="0.004"></testcase><testcase classname="tests.compute.test_pickle" file="tests/compute/test_pickle.py" line="132" name="test_pickling_graph[g2-idtype0]" time="0.003"></testcase><testcase classname="tests.compute.test_pickle" file="tests/compute/test_pickle.py" line="132" name="test_pickling_graph[g2-idtype1]" time="0.003"></testcase><testcase classname="tests.compute.test_pickle" file="tests/compute/test_pickle.py" line="132" name="test_pickling_graph[g3-idtype0]" time="0.003"></testcase><testcase classname="tests.compute.test_pickle" file="tests/compute/test_pickle.py" line="132" name="test_pickling_graph[g3-idtype1]" time="0.003"></testcase><testcase classname="tests.compute.test_pickle" file="tests/compute/test_pickle.py" line="132" name="test_pickling_graph[g4-idtype0]" time="0.007"></testcase><testcase classname="tests.compute.test_pickle" file="tests/compute/test_pickle.py" line="132" name="test_pickling_graph[g4-idtype1]" time="0.007"></testcase><testcase classname="tests.compute.test_pickle" file="tests/compute/test_pickle.py" line="132" name="test_pickling_graph[g5-idtype0]" time="0.003"></testcase><testcase classname="tests.compute.test_pickle" file="tests/compute/test_pickle.py" line="132" name="test_pickling_graph[g5-idtype1]" time="0.003"></testcase><testcase classname="tests.compute.test_pickle" file="tests/compute/test_pickle.py" line="132" name="test_pickling_graph[g6-idtype0]" time="0.006"></testcase><testcase classname="tests.compute.test_pickle" file="tests/compute/test_pickle.py" line="132" name="test_pickling_graph[g6-idtype1]" time="0.005"></testcase><testcase classname="tests.compute.test_pickle" file="tests/compute/test_pickle.py" line="132" name="test_pickling_graph[g7-idtype0]" time="0.003"></testcase><testcase classname="tests.compute.test_pickle" file="tests/compute/test_pickle.py" line="132" name="test_pickling_graph[g7-idtype1]" time="0.003"></testcase><testcase classname="tests.compute.test_pickle" file="tests/compute/test_pickle.py" line="132" name="test_pickling_graph[g8-idtype0]" time="0.003"></testcase><testcase classname="tests.compute.test_pickle" file="tests/compute/test_pickle.py" line="132" name="test_pickling_graph[g8-idtype1]" time="0.003"></testcase><testcase classname="tests.compute.test_pickle" file="tests/compute/test_pickle.py" line="132" name="test_pickling_graph[g9-idtype0]" time="0.003"></testcase><testcase classname="tests.compute.test_pickle" file="tests/compute/test_pickle.py" line="132" name="test_pickling_graph[g9-idtype1]" time="0.003"></testcase><testcase classname="tests.compute.test_pickle" file="tests/compute/test_pickle.py" line="140" name="test_pickling_batched_heterograph" time="0.012"></testcase><testcase classname="tests.compute.test_pickle" file="tests/compute/test_pickle.py" line="167" name="test_pickling_subgraph" time="0.054"></testcase><testcase classname="tests.compute.test_propagate" file="tests/compute/test_propagate.py" line="18" name="test_prop_nodes_bfs[idtype0]" time="0.011"></testcase><testcase classname="tests.compute.test_propagate" file="tests/compute/test_propagate.py" line="18" name="test_prop_nodes_bfs[idtype1]" time="0.009"></testcase><testcase classname="tests.compute.test_propagate" file="tests/compute/test_propagate.py" line="28" name="test_prop_edges_dfs[idtype0]" time="0.035"></testcase><testcase classname="tests.compute.test_propagate" file="tests/compute/test_propagate.py" line="28" name="test_prop_edges_dfs[idtype1]" time="0.034"></testcase><testcase classname="tests.compute.test_propagate" file="tests/compute/test_propagate.py" line="50" name="test_prop_nodes_topo[idtype0]" time="0.008"></testcase><testcase classname="tests.compute.test_propagate" file="tests/compute/test_propagate.py" line="50" name="test_prop_nodes_topo[idtype1]" time="0.009"></testcase><testcase classname="tests.compute.test_random" file="tests/compute/test_random.py" line="5" name="test_random_choice" time="0.004"></testcase><testcase classname="tests.compute.test_randomwalk" file="tests/compute/test_randomwalk.py" line="7" name="test_random_walk" time="0.001"></testcase><testcase classname="tests.compute.test_randomwalk" file="tests/compute/test_randomwalk.py" line="27" name="test_random_walk_with_restart" time="0.002"></testcase><testcase classname="tests.compute.test_readout" file="tests/compute/test_readout.py" line="9" name="test_sum_case1[idtype0]" time="0.008"></testcase><testcase classname="tests.compute.test_readout" file="tests/compute/test_readout.py" line="9" name="test_sum_case1[idtype1]" time="0.006"></testcase><testcase classname="tests.compute.test_readout" file="tests/compute/test_readout.py" line="23" name="test_reduce_readout[sum-g0-idtype0]" time="0.017"></testcase><testcase classname="tests.compute.test_readout" file="tests/compute/test_readout.py" line="23" name="test_reduce_readout[sum-g0-idtype1]" time="0.018"></testcase><testcase classname="tests.compute.test_readout" file="tests/compute/test_readout.py" line="23" name="test_reduce_readout[sum-g1-idtype0]" time="0.017"></testcase><testcase classname="tests.compute.test_readout" file="tests/compute/test_readout.py" line="23" name="test_reduce_readout[sum-g1-idtype1]" time="0.017"></testcase><testcase classname="tests.compute.test_readout" file="tests/compute/test_readout.py" line="23" name="test_reduce_readout[sum-g2-idtype0]" time="0.034"></testcase><testcase classname="tests.compute.test_readout" file="tests/compute/test_readout.py" line="23" name="test_reduce_readout[sum-g2-idtype1]" time="0.035"></testcase><testcase classname="tests.compute.test_readout" file="tests/compute/test_readout.py" line="23" name="test_reduce_readout[sum-g3-idtype0]" time="0.018"></testcase><testcase classname="tests.compute.test_readout" file="tests/compute/test_readout.py" line="23" name="test_reduce_readout[sum-g3-idtype1]" time="0.020"></testcase><testcase classname="tests.compute.test_readout" file="tests/compute/test_readout.py" line="23" name="test_reduce_readout[max-g0-idtype0]" time="0.018"></testcase><testcase classname="tests.compute.test_readout" file="tests/compute/test_readout.py" line="23" name="test_reduce_readout[max-g0-idtype1]" time="0.018"></testcase><testcase classname="tests.compute.test_readout" file="tests/compute/test_readout.py" line="23" name="test_reduce_readout[max-g1-idtype0]" time="0.019"></testcase><testcase classname="tests.compute.test_readout" file="tests/compute/test_readout.py" line="23" name="test_reduce_readout[max-g1-idtype1]" time="0.018"></testcase><testcase classname="tests.compute.test_readout" file="tests/compute/test_readout.py" line="23" name="test_reduce_readout[max-g2-idtype0]" time="0.036"></testcase><testcase classname="tests.compute.test_readout" file="tests/compute/test_readout.py" line="23" name="test_reduce_readout[max-g2-idtype1]" time="0.036"></testcase><testcase classname="tests.compute.test_readout" file="tests/compute/test_readout.py" line="23" name="test_reduce_readout[max-g3-idtype0]" time="0.017"></testcase><testcase classname="tests.compute.test_readout" file="tests/compute/test_readout.py" line="23" name="test_reduce_readout[max-g3-idtype1]" time="0.017"></testcase><testcase classname="tests.compute.test_readout" file="tests/compute/test_readout.py" line="23" name="test_reduce_readout[mean-g0-idtype0]" time="0.019"></testcase><testcase classname="tests.compute.test_readout" file="tests/compute/test_readout.py" line="23" name="test_reduce_readout[mean-g0-idtype1]" time="0.019"></testcase><testcase classname="tests.compute.test_readout" file="tests/compute/test_readout.py" line="23" name="test_reduce_readout[mean-g1-idtype0]" time="0.019"></testcase><testcase classname="tests.compute.test_readout" file="tests/compute/test_readout.py" line="23" name="test_reduce_readout[mean-g1-idtype1]" time="0.020"></testcase><testcase classname="tests.compute.test_readout" file="tests/compute/test_readout.py" line="23" name="test_reduce_readout[mean-g2-idtype0]" time="0.035"></testcase><testcase classname="tests.compute.test_readout" file="tests/compute/test_readout.py" line="23" name="test_reduce_readout[mean-g2-idtype1]" time="0.037"></testcase><testcase classname="tests.compute.test_readout" file="tests/compute/test_readout.py" line="23" name="test_reduce_readout[mean-g3-idtype0]" time="0.020"></testcase><testcase classname="tests.compute.test_readout" file="tests/compute/test_readout.py" line="23" name="test_reduce_readout[mean-g3-idtype1]" time="0.018"></testcase><testcase classname="tests.compute.test_readout" file="tests/compute/test_readout.py" line="69" name="test_weighted_reduce_readout[sum-g0-idtype0]" time="0.018"></testcase><testcase classname="tests.compute.test_readout" file="tests/compute/test_readout.py" line="69" name="test_weighted_reduce_readout[sum-g0-idtype1]" time="0.019"></testcase><testcase classname="tests.compute.test_readout" file="tests/compute/test_readout.py" line="69" name="test_weighted_reduce_readout[sum-g1-idtype0]" time="0.018"></testcase><testcase classname="tests.compute.test_readout" file="tests/compute/test_readout.py" line="69" name="test_weighted_reduce_readout[sum-g1-idtype1]" time="0.018"></testcase><testcase classname="tests.compute.test_readout" file="tests/compute/test_readout.py" line="69" name="test_weighted_reduce_readout[sum-g2-idtype0]" time="0.036"></testcase><testcase classname="tests.compute.test_readout" file="tests/compute/test_readout.py" line="69" name="test_weighted_reduce_readout[sum-g2-idtype1]" time="0.036"></testcase><testcase classname="tests.compute.test_readout" file="tests/compute/test_readout.py" line="69" name="test_weighted_reduce_readout[sum-g3-idtype0]" time="0.018"></testcase><testcase classname="tests.compute.test_readout" file="tests/compute/test_readout.py" line="69" name="test_weighted_reduce_readout[sum-g3-idtype1]" time="0.019"></testcase><testcase classname="tests.compute.test_readout" file="tests/compute/test_readout.py" line="69" name="test_weighted_reduce_readout[max-g0-idtype0]" time="0.018"></testcase><testcase classname="tests.compute.test_readout" file="tests/compute/test_readout.py" line="69" name="test_weighted_reduce_readout[max-g0-idtype1]" time="0.018"></testcase><testcase classname="tests.compute.test_readout" file="tests/compute/test_readout.py" line="69" name="test_weighted_reduce_readout[max-g1-idtype0]" time="0.019"></testcase><testcase classname="tests.compute.test_readout" file="tests/compute/test_readout.py" line="69" name="test_weighted_reduce_readout[max-g1-idtype1]" time="0.018"></testcase><testcase classname="tests.compute.test_readout" file="tests/compute/test_readout.py" line="69" name="test_weighted_reduce_readout[max-g2-idtype0]" time="0.036"></testcase><testcase classname="tests.compute.test_readout" file="tests/compute/test_readout.py" line="69" name="test_weighted_reduce_readout[max-g2-idtype1]" time="0.037"></testcase><testcase classname="tests.compute.test_readout" file="tests/compute/test_readout.py" line="69" name="test_weighted_reduce_readout[max-g3-idtype0]" time="0.018"></testcase><testcase classname="tests.compute.test_readout" file="tests/compute/test_readout.py" line="69" name="test_weighted_reduce_readout[max-g3-idtype1]" time="0.019"></testcase><testcase classname="tests.compute.test_readout" file="tests/compute/test_readout.py" line="69" name="test_weighted_reduce_readout[mean-g0-idtype0]" time="0.020"></testcase><testcase classname="tests.compute.test_readout" file="tests/compute/test_readout.py" line="69" name="test_weighted_reduce_readout[mean-g0-idtype1]" time="0.022"></testcase><testcase classname="tests.compute.test_readout" file="tests/compute/test_readout.py" line="69" name="test_weighted_reduce_readout[mean-g1-idtype0]" time="0.021"></testcase><testcase classname="tests.compute.test_readout" file="tests/compute/test_readout.py" line="69" name="test_weighted_reduce_readout[mean-g1-idtype1]" time="0.020"></testcase><testcase classname="tests.compute.test_readout" file="tests/compute/test_readout.py" line="69" name="test_weighted_reduce_readout[mean-g2-idtype0]" time="0.039"></testcase><testcase classname="tests.compute.test_readout" file="tests/compute/test_readout.py" line="69" name="test_weighted_reduce_readout[mean-g2-idtype1]" time="0.040"></testcase><testcase classname="tests.compute.test_readout" file="tests/compute/test_readout.py" line="69" name="test_weighted_reduce_readout[mean-g3-idtype0]" time="0.020"></testcase><testcase classname="tests.compute.test_readout" file="tests/compute/test_readout.py" line="69" name="test_weighted_reduce_readout[mean-g3-idtype1]" time="0.021"></testcase><testcase classname="tests.compute.test_readout" file="tests/compute/test_readout.py" line="117" name="test_topk[True-g0-idtype0]" time="0.002"><failure message="TypeError: narrow(): argument &apos;length&apos; (position 4) must be int, not numpy.int64">g = Graph(num_nodes=5, num_edges=6,
      ndata_schemes={&apos;x&apos;: Scheme(shape=(3,), dtype=torch.float32)}
      edata_schemes={}), idtype = torch.int32, descending = True

    @parametrize_dtype
    @pytest.mark.parametrize(&apos;g&apos;, get_cases([&apos;homo&apos;], exclude=[&apos;dglgraph&apos;]))
    @pytest.mark.parametrize(&apos;descending&apos;, [True, False])
    def test_topk(g, idtype, descending):
        g = g.astype(idtype).to(F.ctx())
        g.ndata[&apos;x&apos;] = F.randn((g.number_of_nodes(), 3))
    
        # Test.1: to test the case where k &gt; number of nodes.
        dgl.topk_nodes(g, &apos;x&apos;, 100, sortby=-1)
    
        # Test.2: test correctness
        min_nnodes = F.asnumpy(g.batch_num_nodes()).min()
        if min_nnodes &lt;= 1:
            return
        k = min_nnodes - 1
&gt;       val, indices = dgl.topk_nodes(g, &apos;x&apos;, k, descending=descending, sortby=-1)

tests/compute/test_readout.py:133: 
_ _ _ _ _ _ _ _ _ _ _ _ _ _ _ _ _ _ _ _ _ _ _ _ _ _ _ _ _ _ _ _ _ _ _ _ _ _ _ _ _ _ _ _ _ _ _ _ _ _ _ _ _ _ _ _ _ _ _ _ _ _ _ _ _ _ _ _ _ _ _ _ _ _ _ _ _ _ _ _ _ _ _ _ _ _ 
python/dgl/readout.py:679: in topk_nodes
    ntype_or_etype=ntype)
python/dgl/readout.py:553: in _topk_on
    topk_indices = F.slice_axis(order, 1, 0, k)
_ _ _ _ _ _ _ _ _ _ _ _ _ _ _ _ _ _ _ _ _ _ _ _ _ _ _ _ _ _ _ _ _ _ _ _ _ _ _ _ _ _ _ _ _ _ _ _ _ _ _ _ _ _ _ _ _ _ _ _ _ _ _ _ _ _ _ _ _ _ _ _ _ _ _ _ _ _ _ _ _ _ _ _ _ _ 

data = tensor([[0, 3, 2, 1, 4]]), axis = 1, begin = 0, end = 4

    def slice_axis(data, axis, begin, end):
&gt;       return th.narrow(data, axis, begin, end - begin)
E       TypeError: narrow(): argument &apos;length&apos; (position 4) must be int, not numpy.int64

python/dgl/backend/pytorch/tensor.py:177: TypeError</failure></testcase><testcase classname="tests.compute.test_readout" file="tests/compute/test_readout.py" line="117" name="test_topk[True-g0-idtype1]" time="0.002"><failure message="TypeError: narrow(): argument &apos;length&apos; (position 4) must be int, not numpy.int64">g = Graph(num_nodes=5, num_edges=6,
      ndata_schemes={&apos;x&apos;: Scheme(shape=(3,), dtype=torch.float32)}
      edata_schemes={}), idtype = torch.int64, descending = True

    @parametrize_dtype
    @pytest.mark.parametrize(&apos;g&apos;, get_cases([&apos;homo&apos;], exclude=[&apos;dglgraph&apos;]))
    @pytest.mark.parametrize(&apos;descending&apos;, [True, False])
    def test_topk(g, idtype, descending):
        g = g.astype(idtype).to(F.ctx())
        g.ndata[&apos;x&apos;] = F.randn((g.number_of_nodes(), 3))
    
        # Test.1: to test the case where k &gt; number of nodes.
        dgl.topk_nodes(g, &apos;x&apos;, 100, sortby=-1)
    
        # Test.2: test correctness
        min_nnodes = F.asnumpy(g.batch_num_nodes()).min()
        if min_nnodes &lt;= 1:
            return
        k = min_nnodes - 1
&gt;       val, indices = dgl.topk_nodes(g, &apos;x&apos;, k, descending=descending, sortby=-1)

tests/compute/test_readout.py:133: 
_ _ _ _ _ _ _ _ _ _ _ _ _ _ _ _ _ _ _ _ _ _ _ _ _ _ _ _ _ _ _ _ _ _ _ _ _ _ _ _ _ _ _ _ _ _ _ _ _ _ _ _ _ _ _ _ _ _ _ _ _ _ _ _ _ _ _ _ _ _ _ _ _ _ _ _ _ _ _ _ _ _ _ _ _ _ 
python/dgl/readout.py:679: in topk_nodes
    ntype_or_etype=ntype)
python/dgl/readout.py:553: in _topk_on
    topk_indices = F.slice_axis(order, 1, 0, k)
_ _ _ _ _ _ _ _ _ _ _ _ _ _ _ _ _ _ _ _ _ _ _ _ _ _ _ _ _ _ _ _ _ _ _ _ _ _ _ _ _ _ _ _ _ _ _ _ _ _ _ _ _ _ _ _ _ _ _ _ _ _ _ _ _ _ _ _ _ _ _ _ _ _ _ _ _ _ _ _ _ _ _ _ _ _ 

data = tensor([[0, 3, 1, 2, 4]]), axis = 1, begin = 0, end = 4

    def slice_axis(data, axis, begin, end):
&gt;       return th.narrow(data, axis, begin, end - begin)
E       TypeError: narrow(): argument &apos;length&apos; (position 4) must be int, not numpy.int64

python/dgl/backend/pytorch/tensor.py:177: TypeError</failure></testcase><testcase classname="tests.compute.test_readout" file="tests/compute/test_readout.py" line="117" name="test_topk[True-g1-idtype0]" time="0.002"><failure message="TypeError: narrow(): argument &apos;length&apos; (position 4) must be int, not numpy.int64">g = Graph(num_nodes=10, num_edges=17,
      ndata_schemes={&apos;h&apos;: Scheme(shape=(2,), dtype=torch.float32), &apos;x&apos;: Scheme(shape=(3,), dtype=torch.float32)}
      edata_schemes={&apos;w&apos;: Scheme(shape=(3,), dtype=torch.float32)})
idtype = torch.int32, descending = True

    @parametrize_dtype
    @pytest.mark.parametrize(&apos;g&apos;, get_cases([&apos;homo&apos;], exclude=[&apos;dglgraph&apos;]))
    @pytest.mark.parametrize(&apos;descending&apos;, [True, False])
    def test_topk(g, idtype, descending):
        g = g.astype(idtype).to(F.ctx())
        g.ndata[&apos;x&apos;] = F.randn((g.number_of_nodes(), 3))
    
        # Test.1: to test the case where k &gt; number of nodes.
        dgl.topk_nodes(g, &apos;x&apos;, 100, sortby=-1)
    
        # Test.2: test correctness
        min_nnodes = F.asnumpy(g.batch_num_nodes()).min()
        if min_nnodes &lt;= 1:
            return
        k = min_nnodes - 1
&gt;       val, indices = dgl.topk_nodes(g, &apos;x&apos;, k, descending=descending, sortby=-1)

tests/compute/test_readout.py:133: 
_ _ _ _ _ _ _ _ _ _ _ _ _ _ _ _ _ _ _ _ _ _ _ _ _ _ _ _ _ _ _ _ _ _ _ _ _ _ _ _ _ _ _ _ _ _ _ _ _ _ _ _ _ _ _ _ _ _ _ _ _ _ _ _ _ _ _ _ _ _ _ _ _ _ _ _ _ _ _ _ _ _ _ _ _ _ 
python/dgl/readout.py:679: in topk_nodes
    ntype_or_etype=ntype)
python/dgl/readout.py:553: in _topk_on
    topk_indices = F.slice_axis(order, 1, 0, k)
_ _ _ _ _ _ _ _ _ _ _ _ _ _ _ _ _ _ _ _ _ _ _ _ _ _ _ _ _ _ _ _ _ _ _ _ _ _ _ _ _ _ _ _ _ _ _ _ _ _ _ _ _ _ _ _ _ _ _ _ _ _ _ _ _ _ _ _ _ _ _ _ _ _ _ _ _ _ _ _ _ _ _ _ _ _ 

data = tensor([[1, 7, 6, 5, 8, 9, 2, 4, 3, 0]]), axis = 1, begin = 0, end = 9

    def slice_axis(data, axis, begin, end):
&gt;       return th.narrow(data, axis, begin, end - begin)
E       TypeError: narrow(): argument &apos;length&apos; (position 4) must be int, not numpy.int64

python/dgl/backend/pytorch/tensor.py:177: TypeError</failure></testcase><testcase classname="tests.compute.test_readout" file="tests/compute/test_readout.py" line="117" name="test_topk[True-g1-idtype1]" time="0.002"><failure message="TypeError: narrow(): argument &apos;length&apos; (position 4) must be int, not numpy.int64">g = Graph(num_nodes=10, num_edges=17,
      ndata_schemes={&apos;h&apos;: Scheme(shape=(2,), dtype=torch.float32), &apos;x&apos;: Scheme(shape=(3,), dtype=torch.float32)}
      edata_schemes={&apos;w&apos;: Scheme(shape=(3,), dtype=torch.float32)})
idtype = torch.int64, descending = True

    @parametrize_dtype
    @pytest.mark.parametrize(&apos;g&apos;, get_cases([&apos;homo&apos;], exclude=[&apos;dglgraph&apos;]))
    @pytest.mark.parametrize(&apos;descending&apos;, [True, False])
    def test_topk(g, idtype, descending):
        g = g.astype(idtype).to(F.ctx())
        g.ndata[&apos;x&apos;] = F.randn((g.number_of_nodes(), 3))
    
        # Test.1: to test the case where k &gt; number of nodes.
        dgl.topk_nodes(g, &apos;x&apos;, 100, sortby=-1)
    
        # Test.2: test correctness
        min_nnodes = F.asnumpy(g.batch_num_nodes()).min()
        if min_nnodes &lt;= 1:
            return
        k = min_nnodes - 1
&gt;       val, indices = dgl.topk_nodes(g, &apos;x&apos;, k, descending=descending, sortby=-1)

tests/compute/test_readout.py:133: 
_ _ _ _ _ _ _ _ _ _ _ _ _ _ _ _ _ _ _ _ _ _ _ _ _ _ _ _ _ _ _ _ _ _ _ _ _ _ _ _ _ _ _ _ _ _ _ _ _ _ _ _ _ _ _ _ _ _ _ _ _ _ _ _ _ _ _ _ _ _ _ _ _ _ _ _ _ _ _ _ _ _ _ _ _ _ 
python/dgl/readout.py:679: in topk_nodes
    ntype_or_etype=ntype)
python/dgl/readout.py:553: in _topk_on
    topk_indices = F.slice_axis(order, 1, 0, k)
_ _ _ _ _ _ _ _ _ _ _ _ _ _ _ _ _ _ _ _ _ _ _ _ _ _ _ _ _ _ _ _ _ _ _ _ _ _ _ _ _ _ _ _ _ _ _ _ _ _ _ _ _ _ _ _ _ _ _ _ _ _ _ _ _ _ _ _ _ _ _ _ _ _ _ _ _ _ _ _ _ _ _ _ _ _ 

data = tensor([[3, 5, 9, 0, 4, 6, 7, 2, 8, 1]]), axis = 1, begin = 0, end = 9

    def slice_axis(data, axis, begin, end):
&gt;       return th.narrow(data, axis, begin, end - begin)
E       TypeError: narrow(): argument &apos;length&apos; (position 4) must be int, not numpy.int64

python/dgl/backend/pytorch/tensor.py:177: TypeError</failure></testcase><testcase classname="tests.compute.test_readout" file="tests/compute/test_readout.py" line="117" name="test_topk[True-g2-idtype0]" time="0.002"><failure message="TypeError: narrow(): argument &apos;length&apos; (position 4) must be int, not numpy.int64">g = Graph(num_nodes=9, num_edges=15,
      ndata_schemes={&apos;x&apos;: Scheme(shape=(3,), dtype=torch.float32)}
      edata_schemes={}), idtype = torch.int32, descending = True

    @parametrize_dtype
    @pytest.mark.parametrize(&apos;g&apos;, get_cases([&apos;homo&apos;], exclude=[&apos;dglgraph&apos;]))
    @pytest.mark.parametrize(&apos;descending&apos;, [True, False])
    def test_topk(g, idtype, descending):
        g = g.astype(idtype).to(F.ctx())
        g.ndata[&apos;x&apos;] = F.randn((g.number_of_nodes(), 3))
    
        # Test.1: to test the case where k &gt; number of nodes.
        dgl.topk_nodes(g, &apos;x&apos;, 100, sortby=-1)
    
        # Test.2: test correctness
        min_nnodes = F.asnumpy(g.batch_num_nodes()).min()
        if min_nnodes &lt;= 1:
            return
        k = min_nnodes - 1
&gt;       val, indices = dgl.topk_nodes(g, &apos;x&apos;, k, descending=descending, sortby=-1)

tests/compute/test_readout.py:133: 
_ _ _ _ _ _ _ _ _ _ _ _ _ _ _ _ _ _ _ _ _ _ _ _ _ _ _ _ _ _ _ _ _ _ _ _ _ _ _ _ _ _ _ _ _ _ _ _ _ _ _ _ _ _ _ _ _ _ _ _ _ _ _ _ _ _ _ _ _ _ _ _ _ _ _ _ _ _ _ _ _ _ _ _ _ _ 
python/dgl/readout.py:679: in topk_nodes
    ntype_or_etype=ntype)
python/dgl/readout.py:553: in _topk_on
    topk_indices = F.slice_axis(order, 1, 0, k)
_ _ _ _ _ _ _ _ _ _ _ _ _ _ _ _ _ _ _ _ _ _ _ _ _ _ _ _ _ _ _ _ _ _ _ _ _ _ _ _ _ _ _ _ _ _ _ _ _ _ _ _ _ _ _ _ _ _ _ _ _ _ _ _ _ _ _ _ _ _ _ _ _ _ _ _ _ _ _ _ _ _ _ _ _ _ 

data = tensor([[2, 0, 3, 1],
        [2, 1, 0, 3],
        [1, 0, 2, 3]]), axis = 1, begin = 0, end = 1

    def slice_axis(data, axis, begin, end):
&gt;       return th.narrow(data, axis, begin, end - begin)
E       TypeError: narrow(): argument &apos;length&apos; (position 4) must be int, not numpy.int64

python/dgl/backend/pytorch/tensor.py:177: TypeError</failure></testcase><testcase classname="tests.compute.test_readout" file="tests/compute/test_readout.py" line="117" name="test_topk[True-g2-idtype1]" time="0.002"><failure message="TypeError: narrow(): argument &apos;length&apos; (position 4) must be int, not numpy.int64">g = Graph(num_nodes=9, num_edges=15,
      ndata_schemes={&apos;x&apos;: Scheme(shape=(3,), dtype=torch.float32)}
      edata_schemes={}), idtype = torch.int64, descending = True

    @parametrize_dtype
    @pytest.mark.parametrize(&apos;g&apos;, get_cases([&apos;homo&apos;], exclude=[&apos;dglgraph&apos;]))
    @pytest.mark.parametrize(&apos;descending&apos;, [True, False])
    def test_topk(g, idtype, descending):
        g = g.astype(idtype).to(F.ctx())
        g.ndata[&apos;x&apos;] = F.randn((g.number_of_nodes(), 3))
    
        # Test.1: to test the case where k &gt; number of nodes.
        dgl.topk_nodes(g, &apos;x&apos;, 100, sortby=-1)
    
        # Test.2: test correctness
        min_nnodes = F.asnumpy(g.batch_num_nodes()).min()
        if min_nnodes &lt;= 1:
            return
        k = min_nnodes - 1
&gt;       val, indices = dgl.topk_nodes(g, &apos;x&apos;, k, descending=descending, sortby=-1)

tests/compute/test_readout.py:133: 
_ _ _ _ _ _ _ _ _ _ _ _ _ _ _ _ _ _ _ _ _ _ _ _ _ _ _ _ _ _ _ _ _ _ _ _ _ _ _ _ _ _ _ _ _ _ _ _ _ _ _ _ _ _ _ _ _ _ _ _ _ _ _ _ _ _ _ _ _ _ _ _ _ _ _ _ _ _ _ _ _ _ _ _ _ _ 
python/dgl/readout.py:679: in topk_nodes
    ntype_or_etype=ntype)
python/dgl/readout.py:553: in _topk_on
    topk_indices = F.slice_axis(order, 1, 0, k)
_ _ _ _ _ _ _ _ _ _ _ _ _ _ _ _ _ _ _ _ _ _ _ _ _ _ _ _ _ _ _ _ _ _ _ _ _ _ _ _ _ _ _ _ _ _ _ _ _ _ _ _ _ _ _ _ _ _ _ _ _ _ _ _ _ _ _ _ _ _ _ _ _ _ _ _ _ _ _ _ _ _ _ _ _ _ 

data = tensor([[0, 1, 2, 3],
        [2, 1, 0, 3],
        [1, 0, 2, 3]]), axis = 1, begin = 0, end = 1

    def slice_axis(data, axis, begin, end):
&gt;       return th.narrow(data, axis, begin, end - begin)
E       TypeError: narrow(): argument &apos;length&apos; (position 4) must be int, not numpy.int64

python/dgl/backend/pytorch/tensor.py:177: TypeError</failure></testcase><testcase classname="tests.compute.test_readout" file="tests/compute/test_readout.py" line="117" name="test_topk[True-g3-idtype0]" time="0.002"><failure message="TypeError: narrow(): argument &apos;length&apos; (position 4) must be int, not numpy.int64">g = Graph(num_nodes=10, num_edges=17,
      ndata_schemes={&apos;x&apos;: Scheme(shape=(3,), dtype=torch.float32)}
      edata_schemes={}), idtype = torch.int32, descending = True

    @parametrize_dtype
    @pytest.mark.parametrize(&apos;g&apos;, get_cases([&apos;homo&apos;], exclude=[&apos;dglgraph&apos;]))
    @pytest.mark.parametrize(&apos;descending&apos;, [True, False])
    def test_topk(g, idtype, descending):
        g = g.astype(idtype).to(F.ctx())
        g.ndata[&apos;x&apos;] = F.randn((g.number_of_nodes(), 3))
    
        # Test.1: to test the case where k &gt; number of nodes.
        dgl.topk_nodes(g, &apos;x&apos;, 100, sortby=-1)
    
        # Test.2: test correctness
        min_nnodes = F.asnumpy(g.batch_num_nodes()).min()
        if min_nnodes &lt;= 1:
            return
        k = min_nnodes - 1
&gt;       val, indices = dgl.topk_nodes(g, &apos;x&apos;, k, descending=descending, sortby=-1)

tests/compute/test_readout.py:133: 
_ _ _ _ _ _ _ _ _ _ _ _ _ _ _ _ _ _ _ _ _ _ _ _ _ _ _ _ _ _ _ _ _ _ _ _ _ _ _ _ _ _ _ _ _ _ _ _ _ _ _ _ _ _ _ _ _ _ _ _ _ _ _ _ _ _ _ _ _ _ _ _ _ _ _ _ _ _ _ _ _ _ _ _ _ _ 
python/dgl/readout.py:679: in topk_nodes
    ntype_or_etype=ntype)
python/dgl/readout.py:553: in _topk_on
    topk_indices = F.slice_axis(order, 1, 0, k)
_ _ _ _ _ _ _ _ _ _ _ _ _ _ _ _ _ _ _ _ _ _ _ _ _ _ _ _ _ _ _ _ _ _ _ _ _ _ _ _ _ _ _ _ _ _ _ _ _ _ _ _ _ _ _ _ _ _ _ _ _ _ _ _ _ _ _ _ _ _ _ _ _ _ _ _ _ _ _ _ _ _ _ _ _ _ 

data = tensor([[3, 1, 5, 9, 0, 2, 6, 8, 7, 4]]), axis = 1, begin = 0, end = 9

    def slice_axis(data, axis, begin, end):
&gt;       return th.narrow(data, axis, begin, end - begin)
E       TypeError: narrow(): argument &apos;length&apos; (position 4) must be int, not numpy.int64

python/dgl/backend/pytorch/tensor.py:177: TypeError</failure></testcase><testcase classname="tests.compute.test_readout" file="tests/compute/test_readout.py" line="117" name="test_topk[True-g3-idtype1]" time="0.002"><failure message="TypeError: narrow(): argument &apos;length&apos; (position 4) must be int, not numpy.int64">g = Graph(num_nodes=10, num_edges=17,
      ndata_schemes={&apos;x&apos;: Scheme(shape=(3,), dtype=torch.float32)}
      edata_schemes={}), idtype = torch.int64, descending = True

    @parametrize_dtype
    @pytest.mark.parametrize(&apos;g&apos;, get_cases([&apos;homo&apos;], exclude=[&apos;dglgraph&apos;]))
    @pytest.mark.parametrize(&apos;descending&apos;, [True, False])
    def test_topk(g, idtype, descending):
        g = g.astype(idtype).to(F.ctx())
        g.ndata[&apos;x&apos;] = F.randn((g.number_of_nodes(), 3))
    
        # Test.1: to test the case where k &gt; number of nodes.
        dgl.topk_nodes(g, &apos;x&apos;, 100, sortby=-1)
    
        # Test.2: test correctness
        min_nnodes = F.asnumpy(g.batch_num_nodes()).min()
        if min_nnodes &lt;= 1:
            return
        k = min_nnodes - 1
&gt;       val, indices = dgl.topk_nodes(g, &apos;x&apos;, k, descending=descending, sortby=-1)

tests/compute/test_readout.py:133: 
_ _ _ _ _ _ _ _ _ _ _ _ _ _ _ _ _ _ _ _ _ _ _ _ _ _ _ _ _ _ _ _ _ _ _ _ _ _ _ _ _ _ _ _ _ _ _ _ _ _ _ _ _ _ _ _ _ _ _ _ _ _ _ _ _ _ _ _ _ _ _ _ _ _ _ _ _ _ _ _ _ _ _ _ _ _ 
python/dgl/readout.py:679: in topk_nodes
    ntype_or_etype=ntype)
python/dgl/readout.py:553: in _topk_on
    topk_indices = F.slice_axis(order, 1, 0, k)
_ _ _ _ _ _ _ _ _ _ _ _ _ _ _ _ _ _ _ _ _ _ _ _ _ _ _ _ _ _ _ _ _ _ _ _ _ _ _ _ _ _ _ _ _ _ _ _ _ _ _ _ _ _ _ _ _ _ _ _ _ _ _ _ _ _ _ _ _ _ _ _ _ _ _ _ _ _ _ _ _ _ _ _ _ _ 

data = tensor([[0, 8, 5, 1, 3, 9, 2, 6, 4, 7]]), axis = 1, begin = 0, end = 9

    def slice_axis(data, axis, begin, end):
&gt;       return th.narrow(data, axis, begin, end - begin)
E       TypeError: narrow(): argument &apos;length&apos; (position 4) must be int, not numpy.int64

python/dgl/backend/pytorch/tensor.py:177: TypeError</failure></testcase><testcase classname="tests.compute.test_readout" file="tests/compute/test_readout.py" line="117" name="test_topk[False-g0-idtype0]" time="0.002"><failure message="TypeError: narrow(): argument &apos;length&apos; (position 4) must be int, not numpy.int64">g = Graph(num_nodes=5, num_edges=6,
      ndata_schemes={&apos;x&apos;: Scheme(shape=(3,), dtype=torch.float32)}
      edata_schemes={}), idtype = torch.int32, descending = False

    @parametrize_dtype
    @pytest.mark.parametrize(&apos;g&apos;, get_cases([&apos;homo&apos;], exclude=[&apos;dglgraph&apos;]))
    @pytest.mark.parametrize(&apos;descending&apos;, [True, False])
    def test_topk(g, idtype, descending):
        g = g.astype(idtype).to(F.ctx())
        g.ndata[&apos;x&apos;] = F.randn((g.number_of_nodes(), 3))
    
        # Test.1: to test the case where k &gt; number of nodes.
        dgl.topk_nodes(g, &apos;x&apos;, 100, sortby=-1)
    
        # Test.2: test correctness
        min_nnodes = F.asnumpy(g.batch_num_nodes()).min()
        if min_nnodes &lt;= 1:
            return
        k = min_nnodes - 1
&gt;       val, indices = dgl.topk_nodes(g, &apos;x&apos;, k, descending=descending, sortby=-1)

tests/compute/test_readout.py:133: 
_ _ _ _ _ _ _ _ _ _ _ _ _ _ _ _ _ _ _ _ _ _ _ _ _ _ _ _ _ _ _ _ _ _ _ _ _ _ _ _ _ _ _ _ _ _ _ _ _ _ _ _ _ _ _ _ _ _ _ _ _ _ _ _ _ _ _ _ _ _ _ _ _ _ _ _ _ _ _ _ _ _ _ _ _ _ 
python/dgl/readout.py:679: in topk_nodes
    ntype_or_etype=ntype)
python/dgl/readout.py:553: in _topk_on
    topk_indices = F.slice_axis(order, 1, 0, k)
_ _ _ _ _ _ _ _ _ _ _ _ _ _ _ _ _ _ _ _ _ _ _ _ _ _ _ _ _ _ _ _ _ _ _ _ _ _ _ _ _ _ _ _ _ _ _ _ _ _ _ _ _ _ _ _ _ _ _ _ _ _ _ _ _ _ _ _ _ _ _ _ _ _ _ _ _ _ _ _ _ _ _ _ _ _ 

data = tensor([[1, 2, 4, 0, 3]]), axis = 1, begin = 0, end = 4

    def slice_axis(data, axis, begin, end):
&gt;       return th.narrow(data, axis, begin, end - begin)
E       TypeError: narrow(): argument &apos;length&apos; (position 4) must be int, not numpy.int64

python/dgl/backend/pytorch/tensor.py:177: TypeError</failure></testcase><testcase classname="tests.compute.test_readout" file="tests/compute/test_readout.py" line="117" name="test_topk[False-g0-idtype1]" time="0.002"><failure message="TypeError: narrow(): argument &apos;length&apos; (position 4) must be int, not numpy.int64">g = Graph(num_nodes=5, num_edges=6,
      ndata_schemes={&apos;x&apos;: Scheme(shape=(3,), dtype=torch.float32)}
      edata_schemes={}), idtype = torch.int64, descending = False

    @parametrize_dtype
    @pytest.mark.parametrize(&apos;g&apos;, get_cases([&apos;homo&apos;], exclude=[&apos;dglgraph&apos;]))
    @pytest.mark.parametrize(&apos;descending&apos;, [True, False])
    def test_topk(g, idtype, descending):
        g = g.astype(idtype).to(F.ctx())
        g.ndata[&apos;x&apos;] = F.randn((g.number_of_nodes(), 3))
    
        # Test.1: to test the case where k &gt; number of nodes.
        dgl.topk_nodes(g, &apos;x&apos;, 100, sortby=-1)
    
        # Test.2: test correctness
        min_nnodes = F.asnumpy(g.batch_num_nodes()).min()
        if min_nnodes &lt;= 1:
            return
        k = min_nnodes - 1
&gt;       val, indices = dgl.topk_nodes(g, &apos;x&apos;, k, descending=descending, sortby=-1)

tests/compute/test_readout.py:133: 
_ _ _ _ _ _ _ _ _ _ _ _ _ _ _ _ _ _ _ _ _ _ _ _ _ _ _ _ _ _ _ _ _ _ _ _ _ _ _ _ _ _ _ _ _ _ _ _ _ _ _ _ _ _ _ _ _ _ _ _ _ _ _ _ _ _ _ _ _ _ _ _ _ _ _ _ _ _ _ _ _ _ _ _ _ _ 
python/dgl/readout.py:679: in topk_nodes
    ntype_or_etype=ntype)
python/dgl/readout.py:553: in _topk_on
    topk_indices = F.slice_axis(order, 1, 0, k)
_ _ _ _ _ _ _ _ _ _ _ _ _ _ _ _ _ _ _ _ _ _ _ _ _ _ _ _ _ _ _ _ _ _ _ _ _ _ _ _ _ _ _ _ _ _ _ _ _ _ _ _ _ _ _ _ _ _ _ _ _ _ _ _ _ _ _ _ _ _ _ _ _ _ _ _ _ _ _ _ _ _ _ _ _ _ 

data = tensor([[3, 1, 2, 4, 0]]), axis = 1, begin = 0, end = 4

    def slice_axis(data, axis, begin, end):
&gt;       return th.narrow(data, axis, begin, end - begin)
E       TypeError: narrow(): argument &apos;length&apos; (position 4) must be int, not numpy.int64

python/dgl/backend/pytorch/tensor.py:177: TypeError</failure></testcase><testcase classname="tests.compute.test_readout" file="tests/compute/test_readout.py" line="117" name="test_topk[False-g1-idtype0]" time="0.002"><failure message="TypeError: narrow(): argument &apos;length&apos; (position 4) must be int, not numpy.int64">g = Graph(num_nodes=10, num_edges=17,
      ndata_schemes={&apos;h&apos;: Scheme(shape=(2,), dtype=torch.float32), &apos;x&apos;: Scheme(shape=(3,), dtype=torch.float32)}
      edata_schemes={&apos;w&apos;: Scheme(shape=(3,), dtype=torch.float32)})
idtype = torch.int32, descending = False

    @parametrize_dtype
    @pytest.mark.parametrize(&apos;g&apos;, get_cases([&apos;homo&apos;], exclude=[&apos;dglgraph&apos;]))
    @pytest.mark.parametrize(&apos;descending&apos;, [True, False])
    def test_topk(g, idtype, descending):
        g = g.astype(idtype).to(F.ctx())
        g.ndata[&apos;x&apos;] = F.randn((g.number_of_nodes(), 3))
    
        # Test.1: to test the case where k &gt; number of nodes.
        dgl.topk_nodes(g, &apos;x&apos;, 100, sortby=-1)
    
        # Test.2: test correctness
        min_nnodes = F.asnumpy(g.batch_num_nodes()).min()
        if min_nnodes &lt;= 1:
            return
        k = min_nnodes - 1
&gt;       val, indices = dgl.topk_nodes(g, &apos;x&apos;, k, descending=descending, sortby=-1)

tests/compute/test_readout.py:133: 
_ _ _ _ _ _ _ _ _ _ _ _ _ _ _ _ _ _ _ _ _ _ _ _ _ _ _ _ _ _ _ _ _ _ _ _ _ _ _ _ _ _ _ _ _ _ _ _ _ _ _ _ _ _ _ _ _ _ _ _ _ _ _ _ _ _ _ _ _ _ _ _ _ _ _ _ _ _ _ _ _ _ _ _ _ _ 
python/dgl/readout.py:679: in topk_nodes
    ntype_or_etype=ntype)
python/dgl/readout.py:553: in _topk_on
    topk_indices = F.slice_axis(order, 1, 0, k)
_ _ _ _ _ _ _ _ _ _ _ _ _ _ _ _ _ _ _ _ _ _ _ _ _ _ _ _ _ _ _ _ _ _ _ _ _ _ _ _ _ _ _ _ _ _ _ _ _ _ _ _ _ _ _ _ _ _ _ _ _ _ _ _ _ _ _ _ _ _ _ _ _ _ _ _ _ _ _ _ _ _ _ _ _ _ 

data = tensor([[6, 7, 9, 2, 8, 1, 3, 0, 5, 4]]), axis = 1, begin = 0, end = 9

    def slice_axis(data, axis, begin, end):
&gt;       return th.narrow(data, axis, begin, end - begin)
E       TypeError: narrow(): argument &apos;length&apos; (position 4) must be int, not numpy.int64

python/dgl/backend/pytorch/tensor.py:177: TypeError</failure></testcase><testcase classname="tests.compute.test_readout" file="tests/compute/test_readout.py" line="117" name="test_topk[False-g1-idtype1]" time="0.002"><failure message="TypeError: narrow(): argument &apos;length&apos; (position 4) must be int, not numpy.int64">g = Graph(num_nodes=10, num_edges=17,
      ndata_schemes={&apos;h&apos;: Scheme(shape=(2,), dtype=torch.float32), &apos;x&apos;: Scheme(shape=(3,), dtype=torch.float32)}
      edata_schemes={&apos;w&apos;: Scheme(shape=(3,), dtype=torch.float32)})
idtype = torch.int64, descending = False

    @parametrize_dtype
    @pytest.mark.parametrize(&apos;g&apos;, get_cases([&apos;homo&apos;], exclude=[&apos;dglgraph&apos;]))
    @pytest.mark.parametrize(&apos;descending&apos;, [True, False])
    def test_topk(g, idtype, descending):
        g = g.astype(idtype).to(F.ctx())
        g.ndata[&apos;x&apos;] = F.randn((g.number_of_nodes(), 3))
    
        # Test.1: to test the case where k &gt; number of nodes.
        dgl.topk_nodes(g, &apos;x&apos;, 100, sortby=-1)
    
        # Test.2: test correctness
        min_nnodes = F.asnumpy(g.batch_num_nodes()).min()
        if min_nnodes &lt;= 1:
            return
        k = min_nnodes - 1
&gt;       val, indices = dgl.topk_nodes(g, &apos;x&apos;, k, descending=descending, sortby=-1)

tests/compute/test_readout.py:133: 
_ _ _ _ _ _ _ _ _ _ _ _ _ _ _ _ _ _ _ _ _ _ _ _ _ _ _ _ _ _ _ _ _ _ _ _ _ _ _ _ _ _ _ _ _ _ _ _ _ _ _ _ _ _ _ _ _ _ _ _ _ _ _ _ _ _ _ _ _ _ _ _ _ _ _ _ _ _ _ _ _ _ _ _ _ _ 
python/dgl/readout.py:679: in topk_nodes
    ntype_or_etype=ntype)
python/dgl/readout.py:553: in _topk_on
    topk_indices = F.slice_axis(order, 1, 0, k)
_ _ _ _ _ _ _ _ _ _ _ _ _ _ _ _ _ _ _ _ _ _ _ _ _ _ _ _ _ _ _ _ _ _ _ _ _ _ _ _ _ _ _ _ _ _ _ _ _ _ _ _ _ _ _ _ _ _ _ _ _ _ _ _ _ _ _ _ _ _ _ _ _ _ _ _ _ _ _ _ _ _ _ _ _ _ 

data = tensor([[2, 7, 4, 5, 8, 9, 0, 1, 3, 6]]), axis = 1, begin = 0, end = 9

    def slice_axis(data, axis, begin, end):
&gt;       return th.narrow(data, axis, begin, end - begin)
E       TypeError: narrow(): argument &apos;length&apos; (position 4) must be int, not numpy.int64

python/dgl/backend/pytorch/tensor.py:177: TypeError</failure></testcase><testcase classname="tests.compute.test_readout" file="tests/compute/test_readout.py" line="117" name="test_topk[False-g2-idtype0]" time="0.002"><failure message="TypeError: narrow(): argument &apos;length&apos; (position 4) must be int, not numpy.int64">g = Graph(num_nodes=9, num_edges=15,
      ndata_schemes={&apos;x&apos;: Scheme(shape=(3,), dtype=torch.float32)}
      edata_schemes={}), idtype = torch.int32, descending = False

    @parametrize_dtype
    @pytest.mark.parametrize(&apos;g&apos;, get_cases([&apos;homo&apos;], exclude=[&apos;dglgraph&apos;]))
    @pytest.mark.parametrize(&apos;descending&apos;, [True, False])
    def test_topk(g, idtype, descending):
        g = g.astype(idtype).to(F.ctx())
        g.ndata[&apos;x&apos;] = F.randn((g.number_of_nodes(), 3))
    
        # Test.1: to test the case where k &gt; number of nodes.
        dgl.topk_nodes(g, &apos;x&apos;, 100, sortby=-1)
    
        # Test.2: test correctness
        min_nnodes = F.asnumpy(g.batch_num_nodes()).min()
        if min_nnodes &lt;= 1:
            return
        k = min_nnodes - 1
&gt;       val, indices = dgl.topk_nodes(g, &apos;x&apos;, k, descending=descending, sortby=-1)

tests/compute/test_readout.py:133: 
_ _ _ _ _ _ _ _ _ _ _ _ _ _ _ _ _ _ _ _ _ _ _ _ _ _ _ _ _ _ _ _ _ _ _ _ _ _ _ _ _ _ _ _ _ _ _ _ _ _ _ _ _ _ _ _ _ _ _ _ _ _ _ _ _ _ _ _ _ _ _ _ _ _ _ _ _ _ _ _ _ _ _ _ _ _ 
python/dgl/readout.py:679: in topk_nodes
    ntype_or_etype=ntype)
python/dgl/readout.py:553: in _topk_on
    topk_indices = F.slice_axis(order, 1, 0, k)
_ _ _ _ _ _ _ _ _ _ _ _ _ _ _ _ _ _ _ _ _ _ _ _ _ _ _ _ _ _ _ _ _ _ _ _ _ _ _ _ _ _ _ _ _ _ _ _ _ _ _ _ _ _ _ _ _ _ _ _ _ _ _ _ _ _ _ _ _ _ _ _ _ _ _ _ _ _ _ _ _ _ _ _ _ _ 

data = tensor([[1, 0, 2, 3],
        [2, 1, 0, 3],
        [1, 0, 2, 3]]), axis = 1, begin = 0, end = 1

    def slice_axis(data, axis, begin, end):
&gt;       return th.narrow(data, axis, begin, end - begin)
E       TypeError: narrow(): argument &apos;length&apos; (position 4) must be int, not numpy.int64

python/dgl/backend/pytorch/tensor.py:177: TypeError</failure></testcase><testcase classname="tests.compute.test_readout" file="tests/compute/test_readout.py" line="117" name="test_topk[False-g2-idtype1]" time="0.002"><failure message="TypeError: narrow(): argument &apos;length&apos; (position 4) must be int, not numpy.int64">g = Graph(num_nodes=9, num_edges=15,
      ndata_schemes={&apos;x&apos;: Scheme(shape=(3,), dtype=torch.float32)}
      edata_schemes={}), idtype = torch.int64, descending = False

    @parametrize_dtype
    @pytest.mark.parametrize(&apos;g&apos;, get_cases([&apos;homo&apos;], exclude=[&apos;dglgraph&apos;]))
    @pytest.mark.parametrize(&apos;descending&apos;, [True, False])
    def test_topk(g, idtype, descending):
        g = g.astype(idtype).to(F.ctx())
        g.ndata[&apos;x&apos;] = F.randn((g.number_of_nodes(), 3))
    
        # Test.1: to test the case where k &gt; number of nodes.
        dgl.topk_nodes(g, &apos;x&apos;, 100, sortby=-1)
    
        # Test.2: test correctness
        min_nnodes = F.asnumpy(g.batch_num_nodes()).min()
        if min_nnodes &lt;= 1:
            return
        k = min_nnodes - 1
&gt;       val, indices = dgl.topk_nodes(g, &apos;x&apos;, k, descending=descending, sortby=-1)

tests/compute/test_readout.py:133: 
_ _ _ _ _ _ _ _ _ _ _ _ _ _ _ _ _ _ _ _ _ _ _ _ _ _ _ _ _ _ _ _ _ _ _ _ _ _ _ _ _ _ _ _ _ _ _ _ _ _ _ _ _ _ _ _ _ _ _ _ _ _ _ _ _ _ _ _ _ _ _ _ _ _ _ _ _ _ _ _ _ _ _ _ _ _ 
python/dgl/readout.py:679: in topk_nodes
    ntype_or_etype=ntype)
python/dgl/readout.py:553: in _topk_on
    topk_indices = F.slice_axis(order, 1, 0, k)
_ _ _ _ _ _ _ _ _ _ _ _ _ _ _ _ _ _ _ _ _ _ _ _ _ _ _ _ _ _ _ _ _ _ _ _ _ _ _ _ _ _ _ _ _ _ _ _ _ _ _ _ _ _ _ _ _ _ _ _ _ _ _ _ _ _ _ _ _ _ _ _ _ _ _ _ _ _ _ _ _ _ _ _ _ _ 

data = tensor([[1, 0, 2, 3],
        [0, 1, 2, 3],
        [1, 0, 2, 3]]), axis = 1, begin = 0, end = 1

    def slice_axis(data, axis, begin, end):
&gt;       return th.narrow(data, axis, begin, end - begin)
E       TypeError: narrow(): argument &apos;length&apos; (position 4) must be int, not numpy.int64

python/dgl/backend/pytorch/tensor.py:177: TypeError</failure></testcase><testcase classname="tests.compute.test_readout" file="tests/compute/test_readout.py" line="117" name="test_topk[False-g3-idtype0]" time="0.002"><failure message="TypeError: narrow(): argument &apos;length&apos; (position 4) must be int, not numpy.int64">g = Graph(num_nodes=10, num_edges=17,
      ndata_schemes={&apos;x&apos;: Scheme(shape=(3,), dtype=torch.float32)}
      edata_schemes={}), idtype = torch.int32, descending = False

    @parametrize_dtype
    @pytest.mark.parametrize(&apos;g&apos;, get_cases([&apos;homo&apos;], exclude=[&apos;dglgraph&apos;]))
    @pytest.mark.parametrize(&apos;descending&apos;, [True, False])
    def test_topk(g, idtype, descending):
        g = g.astype(idtype).to(F.ctx())
        g.ndata[&apos;x&apos;] = F.randn((g.number_of_nodes(), 3))
    
        # Test.1: to test the case where k &gt; number of nodes.
        dgl.topk_nodes(g, &apos;x&apos;, 100, sortby=-1)
    
        # Test.2: test correctness
        min_nnodes = F.asnumpy(g.batch_num_nodes()).min()
        if min_nnodes &lt;= 1:
            return
        k = min_nnodes - 1
&gt;       val, indices = dgl.topk_nodes(g, &apos;x&apos;, k, descending=descending, sortby=-1)

tests/compute/test_readout.py:133: 
_ _ _ _ _ _ _ _ _ _ _ _ _ _ _ _ _ _ _ _ _ _ _ _ _ _ _ _ _ _ _ _ _ _ _ _ _ _ _ _ _ _ _ _ _ _ _ _ _ _ _ _ _ _ _ _ _ _ _ _ _ _ _ _ _ _ _ _ _ _ _ _ _ _ _ _ _ _ _ _ _ _ _ _ _ _ 
python/dgl/readout.py:679: in topk_nodes
    ntype_or_etype=ntype)
python/dgl/readout.py:553: in _topk_on
    topk_indices = F.slice_axis(order, 1, 0, k)
_ _ _ _ _ _ _ _ _ _ _ _ _ _ _ _ _ _ _ _ _ _ _ _ _ _ _ _ _ _ _ _ _ _ _ _ _ _ _ _ _ _ _ _ _ _ _ _ _ _ _ _ _ _ _ _ _ _ _ _ _ _ _ _ _ _ _ _ _ _ _ _ _ _ _ _ _ _ _ _ _ _ _ _ _ _ 

data = tensor([[2, 8, 5, 7, 9, 4, 0, 3, 1, 6]]), axis = 1, begin = 0, end = 9

    def slice_axis(data, axis, begin, end):
&gt;       return th.narrow(data, axis, begin, end - begin)
E       TypeError: narrow(): argument &apos;length&apos; (position 4) must be int, not numpy.int64

python/dgl/backend/pytorch/tensor.py:177: TypeError</failure></testcase><testcase classname="tests.compute.test_readout" file="tests/compute/test_readout.py" line="117" name="test_topk[False-g3-idtype1]" time="0.002"><failure message="TypeError: narrow(): argument &apos;length&apos; (position 4) must be int, not numpy.int64">g = Graph(num_nodes=10, num_edges=17,
      ndata_schemes={&apos;x&apos;: Scheme(shape=(3,), dtype=torch.float32)}
      edata_schemes={}), idtype = torch.int64, descending = False

    @parametrize_dtype
    @pytest.mark.parametrize(&apos;g&apos;, get_cases([&apos;homo&apos;], exclude=[&apos;dglgraph&apos;]))
    @pytest.mark.parametrize(&apos;descending&apos;, [True, False])
    def test_topk(g, idtype, descending):
        g = g.astype(idtype).to(F.ctx())
        g.ndata[&apos;x&apos;] = F.randn((g.number_of_nodes(), 3))
    
        # Test.1: to test the case where k &gt; number of nodes.
        dgl.topk_nodes(g, &apos;x&apos;, 100, sortby=-1)
    
        # Test.2: test correctness
        min_nnodes = F.asnumpy(g.batch_num_nodes()).min()
        if min_nnodes &lt;= 1:
            return
        k = min_nnodes - 1
&gt;       val, indices = dgl.topk_nodes(g, &apos;x&apos;, k, descending=descending, sortby=-1)

tests/compute/test_readout.py:133: 
_ _ _ _ _ _ _ _ _ _ _ _ _ _ _ _ _ _ _ _ _ _ _ _ _ _ _ _ _ _ _ _ _ _ _ _ _ _ _ _ _ _ _ _ _ _ _ _ _ _ _ _ _ _ _ _ _ _ _ _ _ _ _ _ _ _ _ _ _ _ _ _ _ _ _ _ _ _ _ _ _ _ _ _ _ _ 
python/dgl/readout.py:679: in topk_nodes
    ntype_or_etype=ntype)
python/dgl/readout.py:553: in _topk_on
    topk_indices = F.slice_axis(order, 1, 0, k)
_ _ _ _ _ _ _ _ _ _ _ _ _ _ _ _ _ _ _ _ _ _ _ _ _ _ _ _ _ _ _ _ _ _ _ _ _ _ _ _ _ _ _ _ _ _ _ _ _ _ _ _ _ _ _ _ _ _ _ _ _ _ _ _ _ _ _ _ _ _ _ _ _ _ _ _ _ _ _ _ _ _ _ _ _ _ 

data = tensor([[5, 3, 2, 1, 7, 8, 0, 9, 4, 6]]), axis = 1, begin = 0, end = 9

    def slice_axis(data, axis, begin, end):
&gt;       return th.narrow(data, axis, begin, end - begin)
E       TypeError: narrow(): argument &apos;length&apos; (position 4) must be int, not numpy.int64

python/dgl/backend/pytorch/tensor.py:177: TypeError</failure></testcase><testcase classname="tests.compute.test_readout" file="tests/compute/test_readout.py" line="183" name="test_softmax[g0-idtype0]" time="0.010"></testcase><testcase classname="tests.compute.test_readout" file="tests/compute/test_readout.py" line="183" name="test_softmax[g0-idtype1]" time="0.011"></testcase><testcase classname="tests.compute.test_readout" file="tests/compute/test_readout.py" line="183" name="test_softmax[g1-idtype0]" time="0.009"></testcase><testcase classname="tests.compute.test_readout" file="tests/compute/test_readout.py" line="183" name="test_softmax[g1-idtype1]" time="0.010"></testcase><testcase classname="tests.compute.test_readout" file="tests/compute/test_readout.py" line="183" name="test_softmax[g2-idtype0]" time="0.011"></testcase><testcase classname="tests.compute.test_readout" file="tests/compute/test_readout.py" line="183" name="test_softmax[g2-idtype1]" time="0.013"></testcase><testcase classname="tests.compute.test_readout" file="tests/compute/test_readout.py" line="183" name="test_softmax[g3-idtype0]" time="0.009"></testcase><testcase classname="tests.compute.test_readout" file="tests/compute/test_readout.py" line="183" name="test_softmax[g3-idtype1]" time="0.009"></testcase><testcase classname="tests.compute.test_readout" file="tests/compute/test_readout.py" line="206" name="test_broadcast[g0-idtype0]" time="0.003"></testcase><testcase classname="tests.compute.test_readout" file="tests/compute/test_readout.py" line="206" name="test_broadcast[g0-idtype1]" time="0.003"></testcase><testcase classname="tests.compute.test_readout" file="tests/compute/test_readout.py" line="206" name="test_broadcast[g1-idtype0]" time="0.003"></testcase><testcase classname="tests.compute.test_readout" file="tests/compute/test_readout.py" line="206" name="test_broadcast[g1-idtype1]" time="0.003"></testcase><testcase classname="tests.compute.test_readout" file="tests/compute/test_readout.py" line="206" name="test_broadcast[g2-idtype0]" time="0.005"></testcase><testcase classname="tests.compute.test_readout" file="tests/compute/test_readout.py" line="206" name="test_broadcast[g2-idtype1]" time="0.007"></testcase><testcase classname="tests.compute.test_readout" file="tests/compute/test_readout.py" line="206" name="test_broadcast[g3-idtype0]" time="0.003"></testcase><testcase classname="tests.compute.test_readout" file="tests/compute/test_readout.py" line="206" name="test_broadcast[g3-idtype1]" time="0.003"></testcase><testcase classname="tests.compute.test_removal" file="tests/compute/test_removal.py" line="7" name="test_node_removal[idtype0]" time="0.004"></testcase><testcase classname="tests.compute.test_removal" file="tests/compute/test_removal.py" line="7" name="test_node_removal[idtype1]" time="0.004"></testcase><testcase classname="tests.compute.test_removal" file="tests/compute/test_removal.py" line="31" name="test_multigraph_node_removal[idtype0]" time="0.008"></testcase><testcase classname="tests.compute.test_removal" file="tests/compute/test_removal.py" line="31" name="test_multigraph_node_removal[idtype1]" time="0.009"></testcase><testcase classname="tests.compute.test_removal" file="tests/compute/test_removal.py" line="59" name="test_multigraph_edge_removal[idtype0]" time="0.009"></testcase><testcase classname="tests.compute.test_removal" file="tests/compute/test_removal.py" line="59" name="test_multigraph_edge_removal[idtype1]" time="0.008"></testcase><testcase classname="tests.compute.test_removal" file="tests/compute/test_removal.py" line="86" name="test_edge_removal[idtype0]" time="0.015"></testcase><testcase classname="tests.compute.test_removal" file="tests/compute/test_removal.py" line="86" name="test_edge_removal[idtype1]" time="0.014"></testcase><testcase classname="tests.compute.test_removal" file="tests/compute/test_removal.py" line="114" name="test_node_and_edge_removal[idtype0]" time="0.052"></testcase><testcase classname="tests.compute.test_removal" file="tests/compute/test_removal.py" line="114" name="test_node_and_edge_removal[idtype1]" time="0.051"></testcase><testcase classname="tests.compute.test_removal" file="tests/compute/test_removal.py" line="153" name="test_node_frame[idtype0]" time="0.004"></testcase><testcase classname="tests.compute.test_removal" file="tests/compute/test_removal.py" line="153" name="test_node_frame[idtype1]" time="0.003"></testcase><testcase classname="tests.compute.test_removal" file="tests/compute/test_removal.py" line="166" name="test_edge_frame[idtype0]" time="0.003"></testcase><testcase classname="tests.compute.test_removal" file="tests/compute/test_removal.py" line="166" name="test_edge_frame[idtype1]" time="0.003"></testcase><testcase classname="tests.compute.test_removal" file="tests/compute/test_removal.py" line="180" name="test_issue1287[idtype0]" time="0.004"></testcase><testcase classname="tests.compute.test_removal" file="tests/compute/test_removal.py" line="180" name="test_issue1287[idtype1]" time="0.004"></testcase><testcase classname="tests.compute.test_sampler" file="tests/compute/test_sampler.py" line="14" name="test_create_full" time="0.003"></testcase><testcase classname="tests.compute.test_sampler" file="tests/compute/test_sampler.py" line="20" name="test_1neighbor_sampler_all" time="0.052"></testcase><testcase classname="tests.compute.test_sampler" file="tests/compute/test_sampler.py" line="60" name="test_1neighbor_sampler" time="0.063"></testcase><testcase classname="tests.compute.test_sampler" file="tests/compute/test_sampler.py" line="71" name="test_prefetch_neighbor_sampler" time="0.081"></testcase><testcase classname="tests.compute.test_sampler" file="tests/compute/test_sampler.py" line="82" name="test_10neighbor_sampler_all" time="0.007"></testcase><testcase classname="tests.compute.test_sampler" file="tests/compute/test_sampler.py" line="105" name="test_10neighbor_sampler" time="0.049"></testcase><testcase classname="tests.compute
[...]
ests.compute.test_sparse" file="tests/compute/test_sparse.py" line="154" name="test_sddmm[idtype1-copy_rhs-v-v-shp1-g1]" time="0.001"></testcase><testcase classname="tests.compute.test_sparse" file="tests/compute/test_sparse.py" line="154" name="test_sddmm[idtype1-copy_rhs-v-v-shp2-g0]" time="0.001"></testcase><testcase classname="tests.compute.test_sparse" file="tests/compute/test_sparse.py" line="154" name="test_sddmm[idtype1-copy_rhs-v-v-shp2-g1]" time="0.001"></testcase><testcase classname="tests.compute.test_sparse" file="tests/compute/test_sparse.py" line="154" name="test_sddmm[idtype1-copy_rhs-v-v-shp3-g0]" time="0.001"></testcase><testcase classname="tests.compute.test_sparse" file="tests/compute/test_sparse.py" line="154" name="test_sddmm[idtype1-copy_rhs-v-v-shp3-g1]" time="0.001"></testcase><testcase classname="tests.compute.test_sparse" file="tests/compute/test_sparse.py" line="154" name="test_sddmm[idtype1-copy_rhs-v-v-shp4-g0]" time="0.001"></testcase><testcase classname="tests.compute.test_sparse" file="tests/compute/test_sparse.py" line="154" name="test_sddmm[idtype1-copy_rhs-v-v-shp4-g1]" time="0.001"></testcase><testcase classname="tests.compute.test_sparse" file="tests/compute/test_sparse.py" line="154" name="test_sddmm[idtype1-copy_rhs-v-e-shp0-g0]" time="0.003"></testcase><testcase classname="tests.compute.test_sparse" file="tests/compute/test_sparse.py" line="154" name="test_sddmm[idtype1-copy_rhs-v-e-shp0-g1]" time="0.003"></testcase><testcase classname="tests.compute.test_sparse" file="tests/compute/test_sparse.py" line="154" name="test_sddmm[idtype1-copy_rhs-v-e-shp1-g0]" time="0.004"></testcase><testcase classname="tests.compute.test_sparse" file="tests/compute/test_sparse.py" line="154" name="test_sddmm[idtype1-copy_rhs-v-e-shp1-g1]" time="0.005"></testcase><testcase classname="tests.compute.test_sparse" file="tests/compute/test_sparse.py" line="154" name="test_sddmm[idtype1-copy_rhs-v-e-shp2-g0]" time="0.004"></testcase><testcase classname="tests.compute.test_sparse" file="tests/compute/test_sparse.py" line="154" name="test_sddmm[idtype1-copy_rhs-v-e-shp2-g1]" time="0.003"></testcase><testcase classname="tests.compute.test_sparse" file="tests/compute/test_sparse.py" line="154" name="test_sddmm[idtype1-copy_rhs-v-e-shp3-g0]" time="0.003"></testcase><testcase classname="tests.compute.test_sparse" file="tests/compute/test_sparse.py" line="154" name="test_sddmm[idtype1-copy_rhs-v-e-shp3-g1]" time="0.003"></testcase><testcase classname="tests.compute.test_sparse" file="tests/compute/test_sparse.py" line="154" name="test_sddmm[idtype1-copy_rhs-v-e-shp4-g0]" time="0.003"></testcase><testcase classname="tests.compute.test_sparse" file="tests/compute/test_sparse.py" line="154" name="test_sddmm[idtype1-copy_rhs-v-e-shp4-g1]" time="0.003"></testcase><testcase classname="tests.compute.test_sparse" file="tests/compute/test_sparse.py" line="154" name="test_sddmm[idtype1-copy_rhs-e-u-shp0-g0]" time="0.002"></testcase><testcase classname="tests.compute.test_sparse" file="tests/compute/test_sparse.py" line="154" name="test_sddmm[idtype1-copy_rhs-e-u-shp0-g1]" time="0.003"></testcase><testcase classname="tests.compute.test_sparse" file="tests/compute/test_sparse.py" line="154" name="test_sddmm[idtype1-copy_rhs-e-u-shp1-g0]" time="0.003"></testcase><testcase classname="tests.compute.test_sparse" file="tests/compute/test_sparse.py" line="154" name="test_sddmm[idtype1-copy_rhs-e-u-shp1-g1]" time="0.005"></testcase><testcase classname="tests.compute.test_sparse" file="tests/compute/test_sparse.py" line="154" name="test_sddmm[idtype1-copy_rhs-e-u-shp2-g0]" time="0.003"></testcase><testcase classname="tests.compute.test_sparse" file="tests/compute/test_sparse.py" line="154" name="test_sddmm[idtype1-copy_rhs-e-u-shp2-g1]" time="0.004"></testcase><testcase classname="tests.compute.test_sparse" file="tests/compute/test_sparse.py" line="154" name="test_sddmm[idtype1-copy_rhs-e-u-shp3-g0]" time="0.003"></testcase><testcase classname="tests.compute.test_sparse" file="tests/compute/test_sparse.py" line="154" name="test_sddmm[idtype1-copy_rhs-e-u-shp3-g1]" time="0.003"></testcase><testcase classname="tests.compute.test_sparse" file="tests/compute/test_sparse.py" line="154" name="test_sddmm[idtype1-copy_rhs-e-u-shp4-g0]" time="0.003"></testcase><testcase classname="tests.compute.test_sparse" file="tests/compute/test_sparse.py" line="154" name="test_sddmm[idtype1-copy_rhs-e-u-shp4-g1]" time="0.003"></testcase><testcase classname="tests.compute.test_sparse" file="tests/compute/test_sparse.py" line="154" name="test_sddmm[idtype1-copy_rhs-e-v-shp0-g0]" time="0.003"></testcase><testcase classname="tests.compute.test_sparse" file="tests/compute/test_sparse.py" line="154" name="test_sddmm[idtype1-copy_rhs-e-v-shp0-g1]" time="0.003"></testcase><testcase classname="tests.compute.test_sparse" file="tests/compute/test_sparse.py" line="154" name="test_sddmm[idtype1-copy_rhs-e-v-shp1-g0]" time="0.003"></testcase><testcase classname="tests.compute.test_sparse" file="tests/compute/test_sparse.py" line="154" name="test_sddmm[idtype1-copy_rhs-e-v-shp1-g1]" time="0.004"></testcase><testcase classname="tests.compute.test_sparse" file="tests/compute/test_sparse.py" line="154" name="test_sddmm[idtype1-copy_rhs-e-v-shp2-g0]" time="0.003"></testcase><testcase classname="tests.compute.test_sparse" file="tests/compute/test_sparse.py" line="154" name="test_sddmm[idtype1-copy_rhs-e-v-shp2-g1]" time="0.003"></testcase><testcase classname="tests.compute.test_sparse" file="tests/compute/test_sparse.py" line="154" name="test_sddmm[idtype1-copy_rhs-e-v-shp3-g0]" time="0.003"></testcase><testcase classname="tests.compute.test_sparse" file="tests/compute/test_sparse.py" line="154" name="test_sddmm[idtype1-copy_rhs-e-v-shp3-g1]" time="0.003"></testcase><testcase classname="tests.compute.test_sparse" file="tests/compute/test_sparse.py" line="154" name="test_sddmm[idtype1-copy_rhs-e-v-shp4-g0]" time="0.003"></testcase><testcase classname="tests.compute.test_sparse" file="tests/compute/test_sparse.py" line="154" name="test_sddmm[idtype1-copy_rhs-e-v-shp4-g1]" time="0.003"></testcase><testcase classname="tests.compute.test_sparse" file="tests/compute/test_sparse.py" line="154" name="test_sddmm[idtype1-copy_rhs-e-e-shp0-g0]" time="0.001"></testcase><testcase classname="tests.compute.test_sparse" file="tests/compute/test_sparse.py" line="154" name="test_sddmm[idtype1-copy_rhs-e-e-shp0-g1]" time="0.001"></testcase><testcase classname="tests.compute.test_sparse" file="tests/compute/test_sparse.py" line="154" name="test_sddmm[idtype1-copy_rhs-e-e-shp1-g0]" time="0.001"></testcase><testcase classname="tests.compute.test_sparse" file="tests/compute/test_sparse.py" line="154" name="test_sddmm[idtype1-copy_rhs-e-e-shp1-g1]" time="0.001"></testcase><testcase classname="tests.compute.test_sparse" file="tests/compute/test_sparse.py" line="154" name="test_sddmm[idtype1-copy_rhs-e-e-shp2-g0]" time="0.001"></testcase><testcase classname="tests.compute.test_sparse" file="tests/compute/test_sparse.py" line="154" name="test_sddmm[idtype1-copy_rhs-e-e-shp2-g1]" time="0.001"></testcase><testcase classname="tests.compute.test_sparse" file="tests/compute/test_sparse.py" line="154" name="test_sddmm[idtype1-copy_rhs-e-e-shp3-g0]" time="0.001"></testcase><testcase classname="tests.compute.test_sparse" file="tests/compute/test_sparse.py" line="154" name="test_sddmm[idtype1-copy_rhs-e-e-shp3-g1]" time="0.001"></testcase><testcase classname="tests.compute.test_sparse" file="tests/compute/test_sparse.py" line="154" name="test_sddmm[idtype1-copy_rhs-e-e-shp4-g0]" time="0.001"></testcase><testcase classname="tests.compute.test_sparse" file="tests/compute/test_sparse.py" line="154" name="test_sddmm[idtype1-copy_rhs-e-e-shp4-g1]" time="0.001"></testcase><testcase classname="tests.compute.test_sparse" file="tests/compute/test_sparse.py" line="226" name="test_edge_softmax[idtype0-shp0-src-g0]" time="0.003"></testcase><testcase classname="tests.compute.test_sparse" file="tests/compute/test_sparse.py" line="226" name="test_edge_softmax[idtype0-shp0-dst-g0]" time="0.002"></testcase><testcase classname="tests.compute.test_sparse" file="tests/compute/test_sparse.py" line="226" name="test_edge_softmax[idtype0-shp1-src-g0]" time="0.002"></testcase><testcase classname="tests.compute.test_sparse" file="tests/compute/test_sparse.py" line="226" name="test_edge_softmax[idtype0-shp1-dst-g0]" time="0.003"></testcase><testcase classname="tests.compute.test_sparse" file="tests/compute/test_sparse.py" line="226" name="test_edge_softmax[idtype0-shp2-src-g0]" time="0.003"></testcase><testcase classname="tests.compute.test_sparse" file="tests/compute/test_sparse.py" line="226" name="test_edge_softmax[idtype0-shp2-dst-g0]" time="0.003"></testcase><testcase classname="tests.compute.test_sparse" file="tests/compute/test_sparse.py" line="226" name="test_edge_softmax[idtype1-shp0-src-g0]" time="0.003"></testcase><testcase classname="tests.compute.test_sparse" file="tests/compute/test_sparse.py" line="226" name="test_edge_softmax[idtype1-shp0-dst-g0]" time="0.002"></testcase><testcase classname="tests.compute.test_sparse" file="tests/compute/test_sparse.py" line="226" name="test_edge_softmax[idtype1-shp1-src-g0]" time="0.002"></testcase><testcase classname="tests.compute.test_sparse" file="tests/compute/test_sparse.py" line="226" name="test_edge_softmax[idtype1-shp1-dst-g0]" time="0.003"></testcase><testcase classname="tests.compute.test_sparse" file="tests/compute/test_sparse.py" line="226" name="test_edge_softmax[idtype1-shp2-src-g0]" time="0.003"></testcase><testcase classname="tests.compute.test_sparse" file="tests/compute/test_sparse.py" line="226" name="test_edge_softmax[idtype1-shp2-dst-g0]" time="0.002"></testcase><testcase classname="tests.compute.test_specialization" file="tests/compute/test_specialization.py" line="24" name="test_v2v_update_all[idtype0]" time="0.025"></testcase><testcase classname="tests.compute.test_specialization" file="tests/compute/test_specialization.py" line="24" name="test_v2v_update_all[idtype1]" time="0.026"></testcase><testcase classname="tests.compute.test_specialization" file="tests/compute/test_specialization.py" line="64" name="test_v2v_snr[idtype0]" time="0.034"></testcase><testcase classname="tests.compute.test_specialization" file="tests/compute/test_specialization.py" line="64" name="test_v2v_snr[idtype1]" time="0.034"></testcase><testcase classname="tests.compute.test_specialization" file="tests/compute/test_specialization.py" line="108" name="test_v2v_pull[idtype0]" time="0.031"></testcase><testcase classname="tests.compute.test_specialization" file="tests/compute/test_specialization.py" line="108" name="test_v2v_pull[idtype1]" time="0.031"></testcase><testcase classname="tests.compute.test_specialization" file="tests/compute/test_specialization.py" line="149" name="test_update_all_multi_fallback[idtype0]" time="0.014"></testcase><testcase classname="tests.compute.test_specialization" file="tests/compute/test_specialization.py" line="149" name="test_update_all_multi_fallback[idtype1]" time="0.015"></testcase><testcase classname="tests.compute.test_specialization" file="tests/compute/test_specialization.py" line="195" name="test_pull_multi_fallback[idtype0]" time="0.026"></testcase><testcase classname="tests.compute.test_specialization" file="tests/compute/test_specialization.py" line="195" name="test_pull_multi_fallback[idtype1]" time="0.027"></testcase><testcase classname="tests.compute.test_specialization" file="tests/compute/test_specialization.py" line="249" name="test_spmv_3d_feat[idtype0]" time="0.014"></testcase><testcase classname="tests.compute.test_specialization" file="tests/compute/test_specialization.py" line="249" name="test_spmv_3d_feat[idtype1]" time="0.013"></testcase><testcase classname="tests.compute.test_subgraph" file="tests/compute/test_subgraph.py" line="30" name="test_edge_subgraph" time="0.011"></testcase><testcase classname="tests.compute.test_subgraph" file="tests/compute/test_subgraph.py" line="39" name="test_subgraph" time="0.011"></testcase><testcase classname="tests.compute.test_subgraph" file="tests/compute/test_subgraph.py" line="106" name="test_subgraph_mask[idtype0]" time="0.006"></testcase><testcase classname="tests.compute.test_subgraph" file="tests/compute/test_subgraph.py" line="106" name="test_subgraph_mask[idtype1]" time="0.006"></testcase><testcase classname="tests.compute.test_subgraph" file="tests/compute/test_subgraph.py" line="149" name="test_subgraph1[idtype0]" time="0.021"></testcase><testcase classname="tests.compute.test_subgraph" file="tests/compute/test_subgraph.py" line="149" name="test_subgraph1[idtype1]" time="0.019"></testcase><testcase classname="tests.compute.test_subgraph" file="tests/compute/test_subgraph.py" line="312" name="test_in_subgraph[idtype0]" time="0.007"></testcase><testcase classname="tests.compute.test_subgraph" file="tests/compute/test_subgraph.py" line="312" name="test_in_subgraph[idtype1]" time="0.007"></testcase><testcase classname="tests.compute.test_subgraph" file="tests/compute/test_subgraph.py" line="339" name="test_out_subgraph[idtype0]" time="0.007"></testcase><testcase classname="tests.compute.test_subgraph" file="tests/compute/test_subgraph.py" line="339" name="test_out_subgraph[idtype1]" time="0.008"></testcase><testcase classname="tests.compute.test_subgraph" file="tests/compute/test_subgraph.py" line="369" name="test_subgraph_message_passing" time="0.002"></testcase><testcase classname="tests.compute.test_transform" file="tests/compute/test_transform.py" line="18" name="test_line_graph1" time="0.001"></testcase><testcase classname="tests.compute.test_transform" file="tests/compute/test_transform.py" line="27" name="test_line_graph2[idtype0]" time="0.003"></testcase><testcase classname="tests.compute.test_transform" file="tests/compute/test_transform.py" line="27" name="test_line_graph2[idtype1]" time="0.003"></testcase><testcase classname="tests.compute.test_transform" file="tests/compute/test_transform.py" line="77" name="test_no_backtracking" time="0.007"></testcase><testcase classname="tests.compute.test_transform" file="tests/compute/test_transform.py" line="89" name="test_reverse[idtype0]" time="0.010"></testcase><testcase classname="tests.compute.test_transform" file="tests/compute/test_transform.py" line="89" name="test_reverse[idtype1]" time="0.011"></testcase><testcase classname="tests.compute.test_transform" file="tests/compute/test_transform.py" line="223" name="test_reverse_shared_frames[idtype0]" time="0.004"></testcase><testcase classname="tests.compute.test_transform" file="tests/compute/test_transform.py" line="223" name="test_reverse_shared_frames[idtype1]" time="0.003"></testcase><testcase classname="tests.compute.test_transform" file="tests/compute/test_transform.py" line="238" name="test_to_bidirected" time="0.006"></testcase><testcase classname="tests.compute.test_transform" file="tests/compute/test_transform.py" line="279" name="test_add_reverse_edges" time="0.013"></testcase><testcase classname="tests.compute.test_transform" file="tests/compute/test_transform.py" line="388" name="test_simple_graph" time="0.002"></testcase><testcase classname="tests.compute.test_transform" file="tests/compute/test_transform.py" line="421" name="test_khop_graph" time="0.024"></testcase><testcase classname="tests.compute.test_transform" file="tests/compute/test_transform.py" line="447" name="test_khop_adj" time="0.010"></testcase><testcase classname="tests.compute.test_transform" file="tests/compute/test_transform.py" line="464" name="test_laplacian_lambda_max" time="0.008"></testcase><testcase classname="tests.compute.test_transform" file="tests/compute/test_transform.py" line="502" name="test_partition_with_halo" time="0.014"></testcase><testcase classname="tests.compute.test_transform" file="tests/compute/test_transform.py" line="512" name="test_metis_partition" time="2.347"></testcase><testcase classname="tests.compute.test_transform" file="tests/compute/test_transform.py" line="603" name="test_reorder_nodes" time="0.872"></testcase><testcase classname="tests.compute.test_transform" file="tests/compute/test_transform.py" line="638" name="test_compact[idtype0]" time="0.015"></testcase><testcase classname="tests.compute.test_transform" file="tests/compute/test_transform.py" line="638" name="test_compact[idtype1]" time="0.013"></testcase><testcase classname="tests.compute.test_transform" file="tests/compute/test_transform.py" line="739" name="test_to_simple[idtype0]" time="0.006"></testcase><testcase classname="tests.compute.test_transform" file="tests/compute/test_transform.py" line="739" name="test_to_simple[idtype1]" time="0.005"></testcase><testcase classname="tests.compute.test_transform" file="tests/compute/test_transform.py" line="823" name="test_to_block[idtype0]" time="0.019"></testcase><testcase classname="tests.compute.test_transform" file="tests/compute/test_transform.py" line="823" name="test_to_block[idtype1]" time="0.019"></testcase><testcase classname="tests.compute.test_transform" file="tests/compute/test_transform.py" line="981" name="test_add_edges[idtype0]" time="0.022"></testcase><testcase classname="tests.compute.test_transform" file="tests/compute/test_transform.py" line="981" name="test_add_edges[idtype1]" time="0.025"></testcase><testcase classname="tests.compute.test_transform" file="tests/compute/test_transform.py" line="1159" name="test_add_nodes[idtype0]" time="0.008"></testcase><testcase classname="tests.compute.test_transform" file="tests/compute/test_transform.py" line="1159" name="test_add_nodes[idtype1]" time="0.008"></testcase><testcase classname="tests.compute.test_transform" file="tests/compute/test_transform.py" line="1197" name="test_remove_edges[idtype0]" time="0.019"></testcase><testcase classname="tests.compute.test_transform" file="tests/compute/test_transform.py" line="1197" name="test_remove_edges[idtype1]" time="0.019"></testcase><testcase classname="tests.compute.test_transform" file="tests/compute/test_transform.py" line="1289" name="test_remove_nodes[idtype0]" time="0.019"></testcase><testcase classname="tests.compute.test_transform" file="tests/compute/test_transform.py" line="1289" name="test_remove_nodes[idtype1]" time="0.019"></testcase><testcase classname="tests.compute.test_transform" file="tests/compute/test_transform.py" line="1387" name="test_add_selfloop[idtype0]" time="0.005"></testcase><testcase classname="tests.compute.test_transform" file="tests/compute/test_transform.py" line="1387" name="test_add_selfloop[idtype1]" time="0.006"></testcase><testcase classname="tests.compute.test_transform" file="tests/compute/test_transform.py" line="1431" name="test_remove_selfloop[idtype0]" time="0.006"></testcase><testcase classname="tests.compute.test_transform" file="tests/compute/test_transform.py" line="1431" name="test_remove_selfloop[idtype1]" time="0.006"></testcase><testcase classname="tests.compute.test_traversal" file="tests/compute/test_traversal.py" line="20" name="test_bfs[idtype0]" time="0.081"></testcase><testcase classname="tests.compute.test_traversal" file="tests/compute/test_traversal.py" line="20" name="test_bfs[idtype1]" time="0.073"></testcase><testcase classname="tests.compute.test_traversal" file="tests/compute/test_traversal.py" line="61" name="test_topological_nodes[idtype0]" time="0.003"></testcase><testcase classname="tests.compute.test_traversal" file="tests/compute/test_traversal.py" line="61" name="test_topological_nodes[idtype1]" time="0.003"></testcase><testcase classname="tests.compute.test_traversal" file="tests/compute/test_traversal.py" line="88" name="test_dfs_labeled_edges[idtype0]" time="0.002"></testcase><testcase classname="tests.compute.test_traversal" file="tests/compute/test_traversal.py" line="88" name="test_dfs_labeled_edges[idtype1]" time="0.002"></testcase></testsuite></testsuites>